Log file open, 07/10/17 13:10:43
LogInit:Display: Running engine for game: Project
LogPlatformFile: Not using cached read wrapper
LogInit:Display: RandInit(-50081876) SRandInit(-50081876).
LogTaskGraph: Started task graph with 5 named threads and 6 total threads with 1 sets of task threads.
LogStats: Stats thread started at 0.061783
LogPluginManager: Loaded Plugin Paper2D, From C:/Program Files (x86)/Epic Games/4.14/Engine/Plugins/2D/Paper2D/Paper2D.uplugin
LogPluginManager: Loaded Plugin LightPropagationVolume, From C:/Program Files (x86)/Epic Games/4.14/Engine/Plugins/Blendables/LightPropagationVolume/LightPropagationVolume.uplugin
LogPluginManager: Loaded Plugin BlankPlugin, From C:/Program Files (x86)/Epic Games/4.14/Engine/Plugins/Developer/BlankPlugin/BlankPlugin.uplugin
LogPluginManager: Loaded Plugin CodeLiteSourceCodeAccess, From C:/Program Files (x86)/Epic Games/4.14/Engine/Plugins/Developer/CodeLiteSourceCodeAccess/CodeLiteSourceCodeAccess.uplugin
LogPluginManager: Loaded Plugin GitSourceControl, From C:/Program Files (x86)/Epic Games/4.14/Engine/Plugins/Developer/GitSourceControl/GitSourceControl.uplugin
LogPluginManager: Loaded Plugin KDevelopSourceCodeAccess, From C:/Program Files (x86)/Epic Games/4.14/Engine/Plugins/Developer/KDevelopSourceCodeAccess/KDevelopSourceCodeAccess.uplugin
LogPluginManager: Loaded Plugin NullSourceCodeAccess, From C:/Program Files (x86)/Epic Games/4.14/Engine/Plugins/Developer/NullSourceCodeAccess/NullSourceCodeAccess.uplugin
LogPluginManager: Loaded Plugin OneSkyLocalizationService, From C:/Program Files (x86)/Epic Games/4.14/Engine/Plugins/Developer/OneSkyLocalizationService/OneSkyLocalizationService.uplugin
LogPluginManager: Loaded Plugin PerforceSourceControl, From C:/Program Files (x86)/Epic Games/4.14/Engine/Plugins/Developer/PerforceSourceControl/PerforceSourceControl.uplugin
LogPluginManager: Loaded Plugin SubversionSourceControl, From C:/Program Files (x86)/Epic Games/4.14/Engine/Plugins/Developer/SubversionSourceControl/SubversionSourceControl.uplugin
LogPluginManager: Loaded Plugin UObjectPlugin, From C:/Program Files (x86)/Epic Games/4.14/Engine/Plugins/Developer/UObjectPlugin/UObjectPlugin.uplugin
LogPluginManager: Loaded Plugin VisualStudioSourceCodeAccess, From C:/Program Files (x86)/Epic Games/4.14/Engine/Plugins/Developer/VisualStudioSourceCodeAccess/VisualStudioSourceCodeAccess.uplugin
LogPluginManager: Loaded Plugin XCodeSourceCodeAccess, From C:/Program Files (x86)/Epic Games/4.14/Engine/Plugins/Developer/XCodeSourceCodeAccess/XCodeSourceCodeAccess.uplugin
LogPluginManager: Loaded Plugin AudioCapture, From C:/Program Files (x86)/Epic Games/4.14/Engine/Plugins/Editor/AudioCapture/AudioCapture.uplugin
LogPluginManager: Loaded Plugin EpicSurvey, From C:/Program Files (x86)/Epic Games/4.14/Engine/Plugins/Editor/EpicSurvey/EpicSurvey.uplugin
LogPluginManager: Loaded Plugin MacGraphicsSwitching, From C:/Program Files (x86)/Epic Games/4.14/Engine/Plugins/Editor/MacGraphicsSwitching/MacGraphicsSwitching.uplugin
LogPluginManager: Loaded Plugin MobileLauncherProfileWizard, From C:/Program Files (x86)/Epic Games/4.14/Engine/Plugins/Editor/MobileLauncherProfileWizard/MobileLauncherProfileWizard.uplugin
LogPluginManager: Loaded Plugin PluginBrowser, From C:/Program Files (x86)/Epic Games/4.14/Engine/Plugins/Editor/PluginBrowser/PluginBrowser.uplugin
LogPluginManager: Loaded Plugin SpeedTreeImporter, From C:/Program Files (x86)/Epic Games/4.14/Engine/Plugins/Editor/SpeedTreeImporter/SpeedTreeImporter.uplugin
LogPluginManager: Loaded Plugin SuperSearchEditor, From C:/Program Files (x86)/Epic Games/4.14/Engine/Plugins/Editor/SuperSearchEditor/SuperSearchEditor.uplugin
LogPluginManager: Loaded Plugin AlembicImporter, From C:/Program Files (x86)/Epic Games/4.14/Engine/Plugins/Experimental/AlembicImporter/AlembicImporter.uplugin
LogPluginManager: Loaded Plugin BlueprintStats, From C:/Program Files (x86)/Epic Games/4.14/Engine/Plugins/Experimental/BlueprintStats/BlueprintStats.uplugin
LogPluginManager: Loaded Plugin CharacterAI, From C:/Program Files (x86)/Epic Games/4.14/Engine/Plugins/Experimental/CharacterAI/CharacterAI.uplugin
LogPluginManager: Loaded Plugin CodeEditor, From C:/Program Files (x86)/Epic Games/4.14/Engine/Plugins/Experimental/CodeEditor/CodeEditor.uplugin
LogPluginManager: Loaded Plugin CodeView, From C:/Program Files (x86)/Epic Games/4.14/Engine/Plugins/Experimental/CodeView/CodeView.uplugin
LogPluginManager: Loaded Plugin HTML5Networking, From C:/Program Files (x86)/Epic Games/4.14/Engine/Plugins/Experimental/HTML5Networking/HTML5Networking.uplugin
LogPluginManager: Loaded Plugin OSVR, From C:/Program Files (x86)/Epic Games/4.14/Engine/Plugins/Experimental/OSVR/OSVR.uplugin
LogPluginManager: Loaded Plugin Phya, From C:/Program Files (x86)/Epic Games/4.14/Engine/Plugins/Experimental/Phya/Phya.uplugin
LogPluginManager: Loaded Plugin SignificanceManager, From C:/Program Files (x86)/Epic Games/4.14/Engine/Plugins/Experimental/SignificanceManager/SignificanceManager.uplugin
LogPluginManager: Loaded Plugin SimpleHMD, From C:/Program Files (x86)/Epic Games/4.14/Engine/Plugins/Experimental/SimpleHMD/SimpleHMD.uplugin
LogPluginManager: Loaded Plugin StereoPanorama, From C:/Program Files (x86)/Epic Games/4.14/Engine/Plugins/Experimental/StereoPanorama/StereoPanorama.uplugin
LogPluginManager: Loaded Plugin StructBox, From C:/Program Files (x86)/Epic Games/4.14/Engine/Plugins/Experimental/StructBox/StructBox.uplugin
LogPluginManager: Loaded Plugin AndroidMedia, From C:/Program Files (x86)/Epic Games/4.14/Engine/Plugins/Media/AndroidMedia/AndroidMedia.uplugin
LogPluginManager: Loaded Plugin AvfMedia, From C:/Program Files (x86)/Epic Games/4.14/Engine/Plugins/Media/AvfMedia/AvfMedia.uplugin
LogPluginManager: Loaded Plugin MediaPlayerEditor, From C:/Program Files (x86)/Epic Games/4.14/Engine/Plugins/Media/MediaPlayerEditor/MediaPlayerEditor.uplugin
LogPluginManager: Loaded Plugin WmfMedia, From C:/Program Files (x86)/Epic Games/4.14/Engine/Plugins/Media/WmfMedia/WmfMedia.uplugin
LogPluginManager: Loaded Plugin MessagingDebugger, From C:/Program Files (x86)/Epic Games/4.14/Engine/Plugins/Messaging/MessagingDebugger/MessagingDebugger.uplugin
LogPluginManager: Loaded Plugin TcpMessaging, From C:/Program Files (x86)/Epic Games/4.14/Engine/Plugins/Messaging/TcpMessaging/TcpMessaging.uplugin
LogPluginManager: Loaded Plugin UdpMessaging, From C:/Program Files (x86)/Epic Games/4.14/Engine/Plugins/Messaging/UdpMessaging/UdpMessaging.uplugin
LogPluginManager: Loaded Plugin LevelSequenceEditor, From C:/Program Files (x86)/Epic Games/4.14/Engine/Plugins/MovieScene/LevelSequenceEditor/LevelSequenceEditor.uplugin
LogPluginManager: Loaded Plugin MatineeToLevelSequence, From C:/Program Files (x86)/Epic Games/4.14/Engine/Plugins/MovieScene/MatineeToLevelSequence/MatineeToLevelSequence.uplugin
LogPluginManager: Loaded Plugin NetcodeUnitTest, From C:/Program Files (x86)/Epic Games/4.14/Engine/Plugins/NetcodeUnitTest/NetcodeUnitTest/NetcodeUnitTest.uplugin
LogPluginManager: Loaded Plugin NUTUnrealEngine4, From C:/Program Files (x86)/Epic Games/4.14/Engine/Plugins/NetcodeUnitTest/NUTUnrealEngine4/NUTUnrealEngine4.uplugin
LogPluginManager: Loaded Plugin OnlineSubsystemGameCircle, From C:/Program Files (x86)/Epic Games/4.14/Engine/Plugins/Online/Android/OnlineSubsystemGameCircle/OnlineSubsystemGameCircle.uplugin
LogPluginManager: Loaded Plugin OnlineSubsystemGooglePlay, From C:/Program Files (x86)/Epic Games/4.14/Engine/Plugins/Online/Android/OnlineSubsystemGooglePlay/OnlineSubsystemGooglePlay.uplugin
LogPluginManager: Loaded Plugin OnlineSubsystemIOS, From C:/Program Files (x86)/Epic Games/4.14/Engine/Plugins/Online/IOS/OnlineSubsystemIOS/OnlineSubsystemIOS.uplugin
LogPluginManager: Loaded Plugin OnlineFramework, From C:/Program Files (x86)/Epic Games/4.14/Engine/Plugins/Online/OnlineFramework/OnlineFramework.uplugin
LogPluginManager: Loaded Plugin OnlineSubsystem, From C:/Program Files (x86)/Epic Games/4.14/Engine/Plugins/Online/OnlineSubsystem/OnlineSubsystem.uplugin
LogPluginManager: Loaded Plugin OnlineSubsystemAmazon, From C:/Program Files (x86)/Epic Games/4.14/Engine/Plugins/Online/OnlineSubsystemAmazon/OnlineSubsystemAmazon.uplugin
LogPluginManager: Loaded Plugin OnlineSubsystemFacebook, From C:/Program Files (x86)/Epic Games/4.14/Engine/Plugins/Online/OnlineSubsystemFacebook/OnlineSubsystemFacebook.uplugin
LogPluginManager: Loaded Plugin OnlineSubsystemNull, From C:/Program Files (x86)/Epic Games/4.14/Engine/Plugins/Online/OnlineSubsystemNull/OnlineSubsystemNull.uplugin
LogPluginManager: Loaded Plugin OnlineSubsystemOculus, From C:/Program Files (x86)/Epic Games/4.14/Engine/Plugins/Online/OnlineSubsystemOculus/OnlineSubsystemOculus.uplugin
LogPluginManager: Loaded Plugin OnlineSubsystemSteam, From C:/Program Files (x86)/Epic Games/4.14/Engine/Plugins/Online/OnlineSubsystemSteam/OnlineSubsystemSteam.uplugin
LogPluginManager: Loaded Plugin OnlineSubsystemUtils, From C:/Program Files (x86)/Epic Games/4.14/Engine/Plugins/Online/OnlineSubsystemUtils/OnlineSubsystemUtils.uplugin
LogPluginManager: Loaded Plugin IOSTapJoy, From C:/Program Files (x86)/Epic Games/4.14/Engine/Plugins/Runtime/Advertising/IOSTapJoy/IOSTapJoy.uplugin
LogPluginManager: Loaded Plugin AnalyticsBlueprintLibrary, From C:/Program Files (x86)/Epic Games/4.14/Engine/Plugins/Runtime/Analytics/AnalyticsBlueprintLibrary/AnalyticsBlueprintLibrary.uplugin
LogPluginManager: Loaded Plugin AnalyticsMulticast, From C:/Program Files (x86)/Epic Games/4.14/Engine/Plugins/Runtime/Analytics/AnalyticsMulticast/AnalyticsMulticast.uplugin
LogPluginManager: Loaded Plugin Apsalar, From C:/Program Files (x86)/Epic Games/4.14/Engine/Plugins/Runtime/Analytics/Apsalar/Apsalar.uplugin
LogPluginManager: Loaded Plugin FileLogging, From C:/Program Files (x86)/Epic Games/4.14/Engine/Plugins/Runtime/Analytics/FileLogging/FileLogging.uplugin
LogPluginManager: Loaded Plugin Flurry, From C:/Program Files (x86)/Epic Games/4.14/Engine/Plugins/Runtime/Analytics/Flurry/Flurry.uplugin
LogPluginManager: Loaded Plugin AndroidDeviceProfileSelector, From C:/Program Files (x86)/Epic Games/4.14/Engine/Plugins/Runtime/AndroidDeviceProfileSelector/AndroidDeviceProfileSelector.uplugin
LogPluginManager: Loaded Plugin AndroidMoviePlayer, From C:/Program Files (x86)/Epic Games/4.14/Engine/Plugins/Runtime/AndroidMoviePlayer/AndroidMoviePlayer.uplugin
LogPluginManager: Loaded Plugin AppleMoviePlayer, From C:/Program Files (x86)/Epic Games/4.14/Engine/Plugins/Runtime/AppleMoviePlayer/AppleMoviePlayer.uplugin
LogPluginManager: Loaded Plugin ArchVisCharacter, From C:/Program Files (x86)/Epic Games/4.14/Engine/Plugins/Runtime/ArchVisCharacter/ArchVisCharacter.uplugin
LogPluginManager: Loaded Plugin CableComponent, From C:/Program Files (x86)/Epic Games/4.14/Engine/Plugins/Runtime/CableComponent/CableComponent.uplugin
LogPluginManager: Loaded Plugin CustomMeshComponent, From C:/Program Files (x86)/Epic Games/4.14/Engine/Plugins/Runtime/CustomMeshComponent/CustomMeshComponent.uplugin
LogPluginManager: Loaded Plugin ExampleDeviceProfileSelector, From C:/Program Files (x86)/Epic Games/4.14/Engine/Plugins/Runtime/ExampleDeviceProfileSelector/ExampleDeviceProfileSelector.uplugin
LogPluginManager: Loaded Plugin GearVR, From C:/Program Files (x86)/Epic Games/4.14/Engine/Plugins/Runtime/GearVR/GearVR.uplugin
LogPluginManager: Loaded Plugin GoogleVRController, From C:/Program Files (x86)/Epic Games/4.14/Engine/Plugins/Runtime/GoogleVR/GoogleVRController/GoogleVRController.uplugin
LogPluginManager: Loaded Plugin GoogleVRHMD, From C:/Program Files (x86)/Epic Games/4.14/Engine/Plugins/Runtime/GoogleVR/GoogleVRHMD/GoogleVRHMD.uplugin
LogPluginManager: Loaded Plugin IOSDeviceProfileSelector, From C:/Program Files (x86)/Epic Games/4.14/Engine/Plugins/Runtime/IOSDeviceProfileSelector/IOSDeviceProfileSelector.uplugin
LogPluginManager: Loaded Plugin LeapMotion, From C:/Program Files (x86)/Epic Games/4.14/Engine/Plugins/Runtime/LeapMotion/LeapMotion.uplugin
LogPluginManager: Loaded Plugin LinuxDeviceProfileSelector, From C:/Program Files (x86)/Epic Games/4.14/Engine/Plugins/Runtime/LinuxDeviceProfileSelector/LinuxDeviceProfileSelector.uplugin
LogPluginManager: Loaded Plugin MIDIDevice, From C:/Program Files (x86)/Epic Games/4.14/Engine/Plugins/Runtime/MIDIDevice/MIDIDevice.uplugin
LogPluginManager: Loaded Plugin MobilePatchingUtils, From C:/Program Files (x86)/Epic Games/4.14/Engine/Plugins/Runtime/MobilePatchingUtils/MobilePatchingUtils.uplugin
LogPluginManager: Loaded Plugin Ansel, From C:/Program Files (x86)/Epic Games/4.14/Engine/Plugins/Runtime/Nvidia/Ansel/Ansel.uplugin
LogPluginManager: Loaded Plugin OculusAudio, From C:/Program Files (x86)/Epic Games/4.14/Engine/Plugins/Runtime/OculusAudio/OculusAudio.uplugin
LogPluginManager: Loaded Plugin OculusInput, From C:/Program Files (x86)/Epic Games/4.14/Engine/Plugins/Runtime/OculusInput/OculusInput.uplugin
LogPluginManager: Loaded Plugin OculusLibrary, From C:/Program Files (x86)/Epic Games/4.14/Engine/Plugins/Runtime/OculusLibrary/OculusLibrary.uplugin
LogPluginManager: Loaded Plugin OculusRift, From C:/Program Files (x86)/Epic Games/4.14/Engine/Plugins/Runtime/OculusRift/OculusRift.uplugin
LogPluginManager: Loaded Plugin Oodle, From C:/Program Files (x86)/Epic Games/4.14/Engine/Plugins/Runtime/PacketHandlers/CompressionComponents/Oodle/Oodle.uplugin
LogPluginManager: Loaded Plugin ProceduralMeshComponent, From C:/Program Files (x86)/Epic Games/4.14/Engine/Plugins/Runtime/ProceduralMeshComponent/ProceduralMeshComponent.uplugin
LogPluginManager: Loaded Plugin SoundMod, From C:/Program Files (x86)/Epic Games/4.14/Engine/Plugins/Runtime/SoundMod/SoundMod.uplugin
LogPluginManager: Loaded Plugin SoundVisualizations, From C:/Program Files (x86)/Epic Games/4.14/Engine/Plugins/Runtime/SoundVisualizations/SoundVisualizations.uplugin
LogPluginManager: Loaded Plugin SteamController, From C:/Program Files (x86)/Epic Games/4.14/Engine/Plugins/Runtime/Steam/SteamController/SteamController.uplugin
LogPluginManager: Loaded Plugin SteamVR, From C:/Program Files (x86)/Epic Games/4.14/Engine/Plugins/Runtime/Steam/SteamVR/SteamVR.uplugin
LogPluginManager: Loaded Plugin WebBrowserWidget, From C:/Program Files (x86)/Epic Games/4.14/Engine/Plugins/Runtime/WebBrowserWidget/WebBrowserWidget.uplugin
LogPluginManager: Loaded Plugin WindowsDeviceProfileSelector, From C:/Program Files (x86)/Epic Games/4.14/Engine/Plugins/Runtime/WindowsDeviceProfileSelector/WindowsDeviceProfileSelector.uplugin
LogPluginManager: Loaded Plugin WindowsMoviePlayer, From C:/Program Files (x86)/Epic Games/4.14/Engine/Plugins/Runtime/WindowsMoviePlayer/WindowsMoviePlayer.uplugin
LogPluginManager: Loaded Plugin ScriptPlugin, From C:/Program Files (x86)/Epic Games/4.14/Engine/Plugins/ScriptPlugin/ScriptPlugin.uplugin
LogPluginManager: Loaded Plugin SlateRemote, From C:/Program Files (x86)/Epic Games/4.14/Engine/Plugins/Slate/SlateRemote/SlateRemote.uplugin
LogPluginManager: Loaded Plugin EditorTests, From C:/Program Files (x86)/Epic Games/4.14/Engine/Plugins/Tests/EditorTests/EditorTests.uplugin
LogPluginManager: Loaded Plugin FbxAutomationTestBuilder, From C:/Program Files (x86)/Epic Games/4.14/Engine/Plugins/Tests/FbxAutomationTestBuilder/FbxAutomationTestBuilder.uplugin
LogPluginManager: Loaded Plugin FunctionalTestingEditor, From C:/Program Files (x86)/Epic Games/4.14/Engine/Plugins/Tests/FunctionalTestingEditor/FunctionalTestingEditor.uplugin
LogPluginManager: Loaded Plugin RuntimeTests, From C:/Program Files (x86)/Epic Games/4.14/Engine/Plugins/Tests/RuntimeTests/RuntimeTests.uplugin
LogPluginManager: Loaded Plugin ScreenshotTools, From C:/Program Files (x86)/Epic Games/4.14/Engine/Plugins/Tests/ScreenshotTools/ScreenshotTools.uplugin
LogInit: Using libcurl 7.47.1
LogInit:  - built for x86_64-pc-win32
LogInit:  - supports SSL with OpenSSL/1.0.2g
LogInit:  - supports HTTP deflate (compression) using libz 1.2.8
LogInit:  - other features:
LogInit:      CURL_VERSION_SSL
LogInit:      CURL_VERSION_LIBZ
LogInit:      CURL_VERSION_IPV6
LogInit:      CURL_VERSION_ASYNCHDNS
LogInit:      CURL_VERSION_LARGEFILE
LogInit:      CURL_VERSION_IDN
LogInit:  CurlRequestOptions (configurable via config and command line):
LogInit:  - bVerifyPeer = false  - Libcurl will NOT verify peer certificate
LogInit:  - bUseHttpProxy = false  - Libcurl will NOT use HTTP proxy
LogInit:  - bDontReuseConnections = false  - Libcurl will reuse connections
LogInit:  - CertBundlePath = nullptr  - Libcurl will use whatever was configured at build time.
LogInit: Build: ++UE4+Release-4.14-CL-3249277
LogInit: Engine Version: 4.14.3-3249277+++UE4+Release-4.14
LogInit: Compatible Engine Version: 4.14.0-3195953+++UE4+Release-4.14
LogInit: Net CL: 3195953
LogDevObjectVersion: Number of dev versions registered: 13
LogDevObjectVersion:   Dev-Blueprints (B0D832E4-1F89-4F0D-ACCF-7EB736FD4AA2): 7
LogDevObjectVersion:   Dev-Build (E1C64328-A22C-4D53-A36C-8E866417BD8C): 0
LogDevObjectVersion:   Dev-Core (375EC13C-06E4-48FB-B500-84F0262A717E): 1
LogDevObjectVersion:   Dev-Editor (E4B068ED-F494-42E9-A231-DA0B2E46BB41): 8
LogDevObjectVersion:   Dev-Framework (CFFC743F-43B0-4480-9391-14DF171D2073): 17
LogDevObjectVersion:   Dev-Mobile (B02B49B5-BB20-44E9-A304-32B752E40360): 0
LogDevObjectVersion:   Dev-Networking (A4E4105C-59A1-49B5-A7C5-40C4547EDFEE): 0
LogDevObjectVersion:   Dev-Online (39C831C9-5AE6-47DC-9A44-9C173E1C8E7C): 0
LogDevObjectVersion:   Dev-Physics (78F01B33-EBEA-4F98-B9B4-84EACCB95AA2): 0
LogDevObjectVersion:   Dev-Platform (6631380F-2D4D-43E0-8009-CF276956A95A): 0
LogDevObjectVersion:   Dev-Rendering (12F88B9F-8875-4AFC-A67C-D90C383ABD29): 12
LogDevObjectVersion:   Dev-Sequencer (7B5AE74C-D270-4C10-A958-57980B212A5A): 1
LogDevObjectVersion:   Dev-VR (D7296918-1DD6-4BDD-9DE2-64A83CC13884): 0
LogInit: Compiled (64-bit): Jan  6 2017 10:49:43
LogInit: Compiled with Visual C++: 19.00.23026.00
LogInit: Build Configuration: Development
LogInit: Branch Name: ++UE4+Release-4.14
LogInit: Command line: -EpicPortal 
LogInit: Base directory: C:/Program Files (x86)/Epic Games/4.14/Engine/Binaries/Win64/
LogInit: Installed Engine Build: 1
LogInit: Presizing for max 8388607 objects, including 0 objects not considered by GC, pre-allocating 0 bytes for permanent pool.
LogInit: Object subsystem initialized
[2017.07.10-17.10.43:783][  0]LogInit: Selected Device Profile: [Windows]
[2017.07.10-17.10.43:783][  0]LogInit: Applying CVar settings loaded from the selected device profile: [Windows]
[2017.07.10-17.10.43:800][  0]LogInit: Computer: IGMOH1380-30
[2017.07.10-17.10.43:800][  0]LogInit: User: IGMAdmin
[2017.07.10-17.10.43:800][  0]LogInit: CPU Page size=65536, Cores=2
[2017.07.10-17.10.43:800][  0]LogInit: High frequency timer resolution =3.328120 MHz
[2017.07.10-17.10.43:800][  0]LogMemory: Memory total: Physical=15.9GB (16GB approx)
[2017.07.10-17.10.43:800][  0]LogMemory: Platform Memory Stats for Windows
[2017.07.10-17.10.43:800][  0]LogMemory: Process Physical Memory: 263.74 MB used, 263.74 MB peak
[2017.07.10-17.10.43:800][  0]LogMemory: Process Virtual Memory: 262.38 MB used, 262.38 MB peak
[2017.07.10-17.10.43:800][  0]LogMemory: Physical Memory: 3888.23 MB used,  12437.59 MB free, 16325.81 MB total
[2017.07.10-17.10.43:800][  0]LogMemory: Virtual Memory: 674.54 MB used,  12437.59 MB free, 134217728.00 MB total
[2017.07.10-17.10.43:826][  0]LogTextLocalizationManager: No specific translations for ('en-US') exist, so ('en') translations will be used.
[2017.07.10-17.10.44:374][  0]LogD3D11RHI: D3D11 adapters:
[2017.07.10-17.10.44:406][  0]LogD3D11RHI:    0. 'NVIDIA GeForce GTX 1070' (Feature Level 11_0)
[2017.07.10-17.10.44:406][  0]LogD3D11RHI:       8145/0/8162 MB DedicatedVideo/DedicatedSystem/SharedSystem, Outputs:2, VendorId:0x10de
[2017.07.10-17.10.44:407][  0]LogD3D11RHI:    1. 'Microsoft Basic Render Driver' (Feature Level 11_0)
[2017.07.10-17.10.44:407][  0]LogD3D11RHI:       0/0/8162 MB DedicatedVideo/DedicatedSystem/SharedSystem, Outputs:0, VendorId:0x1414
[2017.07.10-17.10.44:407][  0]LogD3D11RHI: Chosen D3D11 Adapter: 0
[2017.07.10-17.10.44:410][  0]LogD3D11RHI: Creating new Direct3DDevice
[2017.07.10-17.10.44:410][  0]LogD3D11RHI:     GPU DeviceId: 0x1b81 (for the marketing name, search the web for "GPU Device Id")
[2017.07.10-17.10.44:410][  0]LogWindows: EnumDisplayDevices:
[2017.07.10-17.10.44:410][  0]LogWindows:    0. 'NVIDIA GeForce GTX 1070' (P:1 D:1)
[2017.07.10-17.10.44:410][  0]LogWindows:    1. 'NVIDIA GeForce GTX 1070' (P:0 D:1)
[2017.07.10-17.10.44:411][  0]LogWindows:    2. 'NVIDIA GeForce GTX 1070' (P:0 D:0)
[2017.07.10-17.10.44:411][  0]LogWindows:    3. 'NVIDIA GeForce GTX 1070' (P:0 D:0)
[2017.07.10-17.10.44:411][  0]LogWindows: DebugString: FoundDriverCount:4 
[2017.07.10-17.10.44:411][  0]LogD3D11RHI:     Adapter Name: NVIDIA GeForce GTX 1070
[2017.07.10-17.10.44:411][  0]LogD3D11RHI:   Driver Version: 376.33 (internal:21.21.13.7633, unified:376.33)
[2017.07.10-17.10.44:411][  0]LogD3D11RHI:      Driver Date: 12-11-2016
[2017.07.10-17.10.44:411][  0]LogRHI: Texture pool is 1361 MB (70% of 1945 MB)
[2017.07.10-17.10.44:425][  0]LogD3D11RHI: Async texture creation enabled
[2017.07.10-17.10.44:436][  0]LogD3D11RHI: GPU Timing Frequency: 1000.000000 (Debug: 2 1)
[2017.07.10-17.10.44:436][  0]LogShaderCompilers: Guid format shader working directory is 35 characters bigger than the processId version (D:/KOC/Project/Intermediate/Shaders/WorkingDirectory/2160/).
[2017.07.10-17.10.44:437][  0]LogShaderCompilers: Cleaned the shader compiler working directory 'C:/Users/IGMAdmin/AppData/Local/Temp/UnrealShaderWorkingDir/7F6CF6254855771214A2B48DC9ADE868/'.
[2017.07.10-17.10.44:437][  0]LogShaderCompilers:Display: Using Local Shader Compiler.
[2017.07.10-17.10.45:332][  0]LogTemp:Display: Loaded TP AllDesktopTargetPlatform
[2017.07.10-17.10.45:373][  0]LogTemp:Display: Loaded TP MacClientTargetPlatform
[2017.07.10-17.10.45:415][  0]LogTemp:Display: Loaded TP MacNoEditorTargetPlatform
[2017.07.10-17.10.45:456][  0]LogTemp:Display: Loaded TP MacServerTargetPlatform
[2017.07.10-17.10.45:497][  0]LogTemp:Display: Loaded TP MacTargetPlatform
[2017.07.10-17.10.45:538][  0]LogTemp:Display: Loaded TP WindowsClientTargetPlatform
[2017.07.10-17.10.45:579][  0]LogTemp:Display: Loaded TP WindowsNoEditorTargetPlatform
[2017.07.10-17.10.45:620][  0]LogTemp:Display: Loaded TP WindowsServerTargetPlatform
[2017.07.10-17.10.45:652][  0]LogTemp:Display: Loaded TP WindowsTargetPlatform
[2017.07.10-17.10.45:692][  0]LogTemp:Display: Loaded TP AndroidTargetPlatform
[2017.07.10-17.10.45:732][  0]LogTemp:Display: Loaded TP Android_ASTCTargetPlatform
[2017.07.10-17.10.45:771][  0]LogTemp:Display: Loaded TP Android_ATCTargetPlatform
[2017.07.10-17.10.45:811][  0]LogTemp:Display: Loaded TP Android_DXTTargetPlatform
[2017.07.10-17.10.45:851][  0]LogTemp:Display: Loaded TP Android_ETC1TargetPlatform
[2017.07.10-17.10.45:891][  0]LogTemp:Display: Loaded TP Android_ETC2TargetPlatform
[2017.07.10-17.10.45:971][  0]LogTemp:Display: Loaded TP Android_MultiTargetPlatform
[2017.07.10-17.10.45:971][  0]LogTemp:Display: Loaded TP Android_PVRTCTargetPlatform
[2017.07.10-17.10.45:998][  0]LogTemp:Display: Loaded TP HTML5TargetPlatform
[2017.07.10-17.10.46:064][  0]LogTemp:Display: Loaded TP IOSTargetPlatform
[2017.07.10-17.10.46:090][  0]LogTemp:Display: Loaded TP TVOSTargetPlatform
[2017.07.10-17.10.46:130][  0]LogTemp:Display: Loaded TP LinuxClientTargetPlatform
[2017.07.10-17.10.46:169][  0]LogTemp:Display: Loaded TP LinuxNoEditorTargetPlatform
[2017.07.10-17.10.46:209][  0]LogTemp:Display: Loaded TP LinuxServerTargetPlatform
[2017.07.10-17.10.46:249][  0]LogTemp:Display: Loaded TP LinuxTargetPlatform
[2017.07.10-17.10.46:249][  0]LogTargetPlatformManager:Display: Building Assets For Windows
[2017.07.10-17.10.46:533][  0]LogDerivedDataCache:Display: Max Cache Size: 512 MB
[2017.07.10-17.10.46:576][  0]LogDerivedDataCache: Loaded boot cache 0.04s 50MB C:/Users/IGMAdmin/AppData/Local/UnrealEngine/4.14/DerivedDataCache/Boot.ddc.
[2017.07.10-17.10.46:576][  0]LogDerivedDataCache:Display: Loaded Boot cache: C:/Users/IGMAdmin/AppData/Local/UnrealEngine/4.14/DerivedDataCache/Boot.ddc
[2017.07.10-17.10.46:576][  0]LogDerivedDataCache: FDerivedDataBackendGraph:  Pak pak cache file D:/KOC/Project/DerivedDataCache/DDC.ddp not found, will not use a pak cache.
[2017.07.10-17.10.46:576][  0]LogDerivedDataCache: Unable to find inner node Pak for hierarchical cache Hierarchy.
[2017.07.10-17.10.46:576][  0]LogDerivedDataCache: FDerivedDataBackendGraph:  CompressedPak pak cache file D:/KOC/Project/DerivedDataCache/Compressed.ddp not found, will not use a pak cache.
[2017.07.10-17.10.46:576][  0]LogDerivedDataCache: Unable to find inner node CompressedPak for hierarchical cache Hierarchy.
[2017.07.10-17.10.46:591][  0]LogDerivedDataCache:Display: Pak cache opened for reading ../../../Engine/DerivedDataCache/Compressed.ddp.
[2017.07.10-17.10.46:603][  0]LogDerivedDataCache: Using Local data cache path C:/Users/IGMAdmin/AppData/Local/UnrealEngine/Common/DerivedDataCache: Writable
[2017.07.10-17.10.46:766][  0]LogInit: Selected Device Profile: [Windows]
[2017.07.10-17.10.46:768][  0]LogContentStreaming: Texture pool size is 0.00 MB
[2017.07.10-17.10.46:925][  0]LogMeshUtilities: Using QuadricMeshReduction for automatic static mesh reduction
[2017.07.10-17.10.46:955][  0]LogSimplygon: Simplygon DLL not present - disabling.
[2017.07.10-17.10.46:988][  0]LogMeshUtilities: Using SimplygonSwarm for distributed automatic mesh merging
[2017.07.10-17.10.46:988][  0]LogMeshUtilities: No automatic skeletal mesh reduction module available
[2017.07.10-17.10.46:988][  0]LogMeshUtilities: No automatic mesh merging module available
[2017.07.10-17.10.47:395][  0]LogNetVersion: GetLocalNetworkVersion: CL: 3195953, ProjectName: project, ProjectVersion: , EngineNetworkVersion: 2, GameNetworkVersion: 0, NetworkChecksum: 1187450669
[2017.07.10-17.10.47:443][  0]LogAssetRegistry: FAssetRegistry took 0.0217 seconds to start up
[2017.07.10-17.10.47:486][  0]LogPackageLocalizationCache: Processed 3 localized package path(s) for 2 prioritized culture(s) in 0.020753 seconds
[2017.07.10-17.10.47:493][  0]LogUObjectArray: 31946 objects as part of root set at end of initial load.
[2017.07.10-17.10.47:493][  0]LogUObjectAllocator: 6935848 out of 0 bytes used by permanent object pool.
[2017.07.10-17.10.47:493][  0]LogUObjectArray: CloseDisregardForGC: 0/0 objects in disregard for GC pool
[2017.07.10-17.10.47:541][  0]LogInit: WinSock: version 1.1 (2.2), MaxSocks=32767, MaxUdp=65467
[2017.07.10-17.10.48:120][  0]LogSlate: Using Freetype 2.6.0
[2017.07.10-17.10.48:120][  0]LogSlate: SlateFontCache - WITH_FREETYPE: 1, WITH_HARFBUZZ: 1
[2017.07.10-17.10.48:120][  0]LogSlate: SlateFontCache - WITH_FREETYPE: 1, WITH_HARFBUZZ: 1
[2017.07.10-17.10.48:816][  0]LogTcpMessaging: Initializing TcpMessaging bridge
[2017.07.10-17.10.48:862][  0]LogUdpMessaging: Initializing bridge on interface 0.0.0.0:0 to multicast group 230.0.0.1:6666.
[2017.07.10-17.10.49:092][  0]LogMaterial: Uniform references updated for custom material expression Custom.
[2017.07.10-17.10.49:371][  0]SourceControl: Info Source control is disabled
[2017.07.10-17.10.49:414][  0]SourceControl: Info Source control is disabled
[2017.07.10-17.10.49:447][  0]SourceControl: Info Source control is disabled
[2017.07.10-17.10.49:479][  0]SourceControl: Info Source control is disabled
[2017.07.10-17.10.50:372][  0]LogEngine: Initializing Engine...
[2017.07.10-17.10.50:372][  0]LogHMD: Failed to initialize OpenVR with code 110
[2017.07.10-17.10.50:557][  0]LogAIModule: Creating AISystem for world Untitled
[2017.07.10-17.10.50:575][  0]LogInit: XAudio2 using 'DELL ST2320L-C (NVIDIA High Definition Audio)' : 2 channels at 48 kHz using 16 bits per sample (channel mask 0x3)
[2017.07.10-17.10.50:592][  0]LogInit: FAudioDevice initialized.
[2017.07.10-17.10.50:613][  0]LogDerivedDataCache: Saved boot cache 0.02s 50MB C:/Users/IGMAdmin/AppData/Local/UnrealEngine/4.14/DerivedDataCache/Boot.ddc.
[2017.07.10-17.10.50:621][  0]LogInit: Texture streaming: Enabled
[2017.07.10-17.10.50:750][  0]LogInit: Transaction tracking system initialized
[2017.07.10-17.10.50:988][  0]BlueprintLog: New page: Editor Load
[2017.07.10-17.10.51:651][  0]LocalizationService: Info Localization service is disabled
[2017.07.10-17.10.52:127][  0]LogConsoleResponse:Display: 
[2017.07.10-17.10.52:243][  0]LogCook:Display: Max memory allowance for cook 16384mb min free memory 0mb
[2017.07.10-17.10.52:243][  0]LogCook:Display: Mobile HDR setting 1
[2017.07.10-17.10.52:263][  0]LogFileCache: Scanning file cache for directory 'D:/KOC/Project/Content/' took 0.01s
[2017.07.10-17.10.52:915][  0]SourceControl: Info Source control is disabled
[2017.07.10-17.10.52:915][  0]Cmd: MAP LOAD FILE="D:/KOC/Project/Content/FirstPersonBP/Maps/FirstPersonExampleMap.umap" TEMPLATE=0 SHOWPROGRESS=1 FEATURELEVEL=3
[2017.07.10-17.10.52:916][  0]LightingResults: New page: Lighting Build
[2017.07.10-17.10.52:945][  0]MapCheck: New page: Map Check
[2017.07.10-17.10.52:945][  0]LightingResults: New page: Lighting Build
[2017.07.10-17.10.53:392][  0]LogTexture:Display: Building textures: T_FPGun_N (BC5)
[2017.07.10-17.10.53:920][  0]LogTexture:Display: Building textures: T_FPGun_M (AutoDXT)
[2017.07.10-17.10.54:701][  0]LogTexture:Display: Building textures: T_ML_Aluminum01_N (BC5)
[2017.07.10-17.10.55:439][  0]LogTexture:Display: Building textures: T_ML_Aluminum01 (AutoDXT)
[2017.07.10-17.11.00:977][  0]LogTexture:Display: Building textures: T_ML_Rubber_Blue_01_N (BC5)
[2017.07.10-17.11.01:671][  0]LogTexture:Display: Building textures: T_ML_Rubber_Blue_01_D (AutoDXT)
[2017.07.10-17.11.07:015][  0]LogTexture:Display: Building textures: HQ_Lightmap0_1 (AutoDXT)
[2017.07.10-17.11.07:988][  0]LogTexture:Display: Building textures: HQ_Lightmap0_2 (AutoDXT)
[2017.07.10-17.11.08:838][  0]LogTexture:Display: Building textures: HQ_Lightmap0_3 (AutoDXT)
[2017.07.10-17.11.10:625][  0]LogTexture:Display: Building textures: HQ_Lightmap0_4 (AutoDXT)
[2017.07.10-17.11.11:209][  0]LogTexture:Display: Building textures: HQ_Lightmap0_5 (AutoDXT)
[2017.07.10-17.11.11:247][  0]LogTexture:Display: Building textures: LQ_Lightmap_0_1 (DXT1)
[2017.07.10-17.11.11:508][  0]LogTexture:Display: Building textures: LQ_Lightmap_0_2 (DXT1)
[2017.07.10-17.11.11:778][  0]LogTexture:Display: Building textures: LQ_Lightmap_0_3 (DXT1)
[2017.07.10-17.11.12:265][  0]LogTexture:Display: Building textures: LQ_Lightmap_0_4 (DXT1)
[2017.07.10-17.11.12:466][  0]LogTexture:Display: Building textures: LQ_Lightmap_0_5 (DXT1)
[2017.07.10-17.11.12:488][  0]LogTexture:Display: Building textures: SkyOcclusion0_1 (AutoDXT)
[2017.07.10-17.11.12:860][  0]LogTexture:Display: Building textures: SkyOcclusion0_2 (AutoDXT)
[2017.07.10-17.11.13:210][  0]LogTexture:Display: Building textures: SkyOcclusion0_3 (AutoDXT)
[2017.07.10-17.11.13:799][  0]LogTexture:Display: Building textures: SkyOcclusion0_4 (AutoDXT)
[2017.07.10-17.11.14:064][  0]LogTexture:Display: Building textures: SkyOcclusion0_5 (AutoDXT)
[2017.07.10-17.11.14:071][  0]LogTexture:Display: Building textures: ShadowMapTexture2D_0 (G8)
[2017.07.10-17.11.14:127][  0]LogTexture:Display: Building textures: ShadowMapTexture2D_1 (G8)
[2017.07.10-17.11.14:182][  0]LogTexture:Display: Building textures: ShadowMapTexture2D_2 (G8)
[2017.07.10-17.11.14:237][  0]LogTexture:Display: Building textures: ShadowMapTexture2D_3 (G8)
[2017.07.10-17.11.14:292][  0]LogTexture:Display: Building textures: ShadowMapTexture2D_4 (G8)
[2017.07.10-17.11.14:348][  0]LogTexture:Display: Building textures: ShadowMapTexture2D_5 (G8)
[2017.07.10-17.11.14:403][  0]LogTexture:Display: Building textures: ShadowMapTexture2D_6 (G8)
[2017.07.10-17.11.14:452][  0]LogTexture:Display: Building textures: ShadowMapTexture2D_7 (G8)
[2017.07.10-17.11.14:461][  0]LogTexture:Display: Building textures: FirstPersonCrosshair (AutoDXT)
[2017.07.10-17.11.14:662][  0]LogTexture:Display: Building textures: T_ML_Rubber_Blue_01_D (AutoDXT)
[2017.07.10-17.11.20:154][  0]LogTexture:Display: Building textures: T_ML_Rubber_Blue_01_N (BC5)
[2017.07.10-17.11.20:807][  0]LogTexture:Display: Building textures: T_ML_Aluminum01 (AutoDXT)
[2017.07.10-17.11.26:252][  0]LogTexture:Display: Building textures: T_ML_Aluminum01_N (BC5)
[2017.07.10-17.11.26:871][  0]LogAIModule: Creating AISystem for world FirstPersonExampleMap
[2017.07.10-17.11.26:883][  0]LogEditorServer: Finished looking for orphan Actors (0.000 secs)
[2017.07.10-17.11.26:884][  0]Cmd: MAP CHECKDEP NOCLEARLOG
[2017.07.10-17.11.26:915][  0]MapCheck: Info Map check complete: 0 Error(s), 0 Warning(s), took 31.426ms to complete.
[2017.07.10-17.11.26:915][  0]LogFileHelpers: Loading map 'FirstPersonExampleMap' took 34.001
[2017.07.10-17.11.26:992][  0]LogWindowsTextInputMethodSystem:Display: IME system now deactivated.
[2017.07.10-17.11.27:063][  0]LogCollectionManager: Loaded 0 collections in 0.001131 seconds
[2017.07.10-17.11.27:138][  0]LogFileCache: Scanning file cache for directory 'D:/KOC/Project/Saved/Collections/' took 0.01s
[2017.07.10-17.11.27:138][  0]LogFileCache: Scanning file cache for directory 'D:/KOC/Project/Content/Developers/IGMAdmin/Collections/' took 0.01s
[2017.07.10-17.11.27:138][  0]LogFileCache: Scanning file cache for directory 'D:/KOC/Project/Content/Collections/' took 0.01s
[2017.07.10-17.11.27:138][  0]LogCollectionManager: Rebuilt the GUID cache for 0 collections in 0.000002 seconds
[2017.07.10-17.11.27:145][  0]LogContentBrowser: Native class hierarchy populated in 0.0076 seconds. Added 2190 classes and 428 folders.
[2017.07.10-17.11.27:174][  0]LogStats: UGameplayTagsManager::ConstructGameplayTagTree: Construct from data asset -  0.000 s
[2017.07.10-17.11.27:174][  0]LogStats: UGameplayTagsManager::ConstructGameplayTagTree: GameplayTagTreeChangedEvent.Broadcast -  0.000 s
[2017.07.10-17.11.27:175][  0]LogContentBrowser: Native class hierarchy updated for 'GameplayTags' in 0.0004 seconds. Added 13 classes and 0 folders.
[2017.07.10-17.11.27:217][  0]LogContentBrowser: Native class hierarchy updated for 'WidgetCarousel' in 0.0004 seconds. Added 0 classes and 0 folders.
[2017.07.10-17.11.27:247][  0]LogContentBrowser: Native class hierarchy updated for 'AddContentDialog' in 0.0004 seconds. Added 0 classes and 0 folders.
[2017.07.10-17.11.27:279][  0]LogContentBrowser: Native class hierarchy updated for 'SceneOutliner' in 0.0004 seconds. Added 1 classes and 2 folders.
[2017.07.10-17.11.27:308][  0]LogCrashTracker: Crashtracker disabled due to settings.
[2017.07.10-17.11.27:393][  0]LogContentBrowser: Native class hierarchy updated for 'HierarchicalLODOutliner' in 0.0004 seconds. Added 1 classes and 2 folders.
[2017.07.10-17.11.27:393][  0]LogLoad: (Engine Initialization) Total time: 44.61 seconds
[2017.07.10-17.11.27:393][  0]LogLoad: (Engine Initialization) Total Blueprint compile time: 0.15 seconds
[2017.07.10-17.11.27:393][  0]LogExternalProfiler: Found external profiler: VSPerf
[2017.07.10-17.11.27:393][  0]LogExternalProfiler: Using external profiler: VSPerf
[2017.07.10-17.11.27:402][  0]LogOcInput: OculusInput pre-init called
[2017.07.10-17.11.27:422][  0]LogAssetRegistry: Asset discovery search completed in 40.0011 seconds
[2017.07.10-17.11.27:422][  0]LogCollectionManager: Rebuilt the object cache for 0 collections in 0.000001 seconds (found 0 objects)
[2017.07.10-17.11.27:422][  0]LogCollectionManager: Fixed up redirectors for 0 collections in 0.000013 seconds (updated 0 objects)
[2017.07.10-17.11.27:423][  0]LogContentStreaming: Texture pool size now 1000 MB
[2017.07.10-17.11.27:552][  0]LogRenderer: Reallocating scene render targets to support 1208x576 NumSamples 1 (Frame:2).
[2017.07.10-17.12.55:357][493]Cmd: BRUSH ADD SELECTNEWBRUSH
[2017.07.10-17.12.57:288][719]LogEditorViewport: Clicking on Actor (LMB): StaticMeshActor (Floor)
[2017.07.10-17.13.00:555][105]LogTemp: Repeting last play command: Selected Viewport
[2017.07.10-17.13.00:563][105]LogBlueprintUserMessages: Early PlayInEditor Detection: Level '/Game/FirstPersonBP/Maps/FirstPersonExampleMap.FirstPersonExampleMap:PersistentLevel' has LevelScriptBlueprint '/Game/FirstPersonBP/Maps/FirstPersonExampleMap.FirstPersonExampleMap:PersistentLevel.FirstPersonExampleMap' with GeneratedClass '/Game/FirstPersonBP/Maps/FirstPersonExampleMap.FirstPersonExampleMap_C' with ClassGeneratedBy '/Game/FirstPersonBP/Maps/FirstPersonExampleMap.FirstPersonExampleMap:PersistentLevel.FirstPersonExampleMap'
[2017.07.10-17.13.00:563][105]LogPlayLevel: PlayLevel: No blueprints needed recompiling
[2017.07.10-17.13.00:563][105]PIE: New page: PIE session: FirstPersonExampleMap (Jul 10, 2017, 9:13:00 AM)
[2017.07.10-17.13.00:563][105]LogPlayLevel: Creating play world package: /Game/FirstPersonBP/Maps/UEDPIE_0_FirstPersonExampleMap
[2017.07.10-17.13.00:583][105]LogPlayLevel: PIE: StaticDuplicateObject took: (0.019616s)
[2017.07.10-17.13.00:584][105]LogAIModule: Creating AISystem for world FirstPersonExampleMap
[2017.07.10-17.13.00:584][105]LogPlayLevel: PIE: World Init took: (0.001184s)
[2017.07.10-17.13.00:584][105]LogPlayLevel: PIE: Created PIE world by copying editor world from /Game/FirstPersonBP/Maps/FirstPersonExampleMap.FirstPersonExampleMap to /Game/FirstPersonBP/Maps/UEDPIE_0_FirstPersonExampleMap.FirstPersonExampleMap (0.021095s)
[2017.07.10-17.13.00:622][105]LogInit: XAudio2 using 'DELL ST2320L-C (NVIDIA High Definition Audio)' : 2 channels at 48 kHz using 16 bits per sample (channel mask 0x3)
[2017.07.10-17.13.00:626][105]LogInit: FAudioDevice initialized.
[2017.07.10-17.13.00:669][105]LogLoad: Game class is 'FirstPersonGameMode_C'
[2017.07.10-17.13.00:672][105]LogWorld: Bringing World /Game/FirstPersonBP/Maps/UEDPIE_0_FirstPersonExampleMap.FirstPersonExampleMap up for play (max tick rate 0) at 2017.07.10-13.13.00
[2017.07.10-17.13.00:673][105]LogWorld: Bringing up level for play took: 0.002637
[2017.07.10-17.13.00:704][105]LogContentBrowser: Native class hierarchy updated for 'MovieSceneCapture' in 0.0007 seconds. Added 11 classes and 0 folders.
[2017.07.10-17.13.00:704][105]PIE: Info Play in editor start time for /Game/FirstPersonBP/Maps/UEDPIE_0_FirstPersonExampleMap 0.686
[2017.07.10-17.13.00:705][105]LogBlueprintUserMessages: Late PlayInEditor Detection: Level '/Game/FirstPersonBP/Maps/FirstPersonExampleMap.FirstPersonExampleMap:PersistentLevel' has LevelScriptBlueprint '/Game/FirstPersonBP/Maps/FirstPersonExampleMap.FirstPersonExampleMap:PersistentLevel.FirstPersonExampleMap' with GeneratedClass '/Game/FirstPersonBP/Maps/FirstPersonExampleMap.FirstPersonExampleMap_C' with ClassGeneratedBy '/Game/FirstPersonBP/Maps/FirstPersonExampleMap.FirstPersonExampleMap:PersistentLevel.FirstPersonExampleMap'
[2017.07.10-17.13.34:349][136]LogBlueprintUserMessages: Early EndPlayMap Detection: Level '/Game/FirstPersonBP/Maps/FirstPersonExampleMap.FirstPersonExampleMap:PersistentLevel' has LevelScriptBlueprint '/Game/FirstPersonBP/Maps/FirstPersonExampleMap.FirstPersonExampleMap:PersistentLevel.FirstPersonExampleMap' with GeneratedClass '/Game/FirstPersonBP/Maps/FirstPersonExampleMap.FirstPersonExampleMap_C' with ClassGeneratedBy '/Game/FirstPersonBP/Maps/FirstPersonExampleMap.FirstPersonExampleMap:PersistentLevel.FirstPersonExampleMap'
[2017.07.10-17.13.34:398][136]LogBlueprintUserMessages: Late EndPlayMap Detection: Level '/Game/FirstPersonBP/Maps/FirstPersonExampleMap.FirstPersonExampleMap:PersistentLevel' has LevelScriptBlueprint '/Game/FirstPersonBP/Maps/FirstPersonExampleMap.FirstPersonExampleMap:PersistentLevel.FirstPersonExampleMap' with GeneratedClass '/Game/FirstPersonBP/Maps/FirstPersonExampleMap.FirstPersonExampleMap_C' with ClassGeneratedBy '/Game/FirstPersonBP/Maps/FirstPersonExampleMap.FirstPersonExampleMap:PersistentLevel.FirstPersonExampleMap'
[2017.07.10-17.13.44:047][282]Cmd: DELETE
[2017.07.10-17.13.44:047][282]Cmd: ACTOR DELETE
[2017.07.10-17.13.44:048][282]LogEditorActor: Deleted Actor: Brush
[2017.07.10-17.13.44:067][282]LogEditorActor: Deleted 1 Actors (0.019 secs)
[2017.07.10-17.15.12:695][902]LogEditorViewport: Clicking on Actor (LMB): StaticMeshActor (BigWall2)
[2017.07.10-17.15.14:074][ 63]Cmd: DELETE
[2017.07.10-17.15.14:074][ 63]Cmd: ACTOR DELETE
[2017.07.10-17.15.14:075][ 63]LogEditorActor: Deleted Actor: StaticMeshActor
[2017.07.10-17.15.14:091][ 63]LogEditorActor: Deleted 1 Actors (0.017 secs)
[2017.07.10-17.15.15:538][237]LogEditorViewport: Clicking on Actor (LMB): StaticMeshActor (EditorCube12)
[2017.07.10-17.15.16:288][323]Cmd: DELETE
[2017.07.10-17.15.16:288][323]Cmd: ACTOR DELETE
[2017.07.10-17.15.16:288][323]LogEditorActor: Deleted Actor: StaticMeshActor
[2017.07.10-17.15.16:303][323]LogEditorActor: Deleted 1 Actors (0.015 secs)
[2017.07.10-17.15.17:371][451]LogEditorViewport: Clicking on Actor (LMB): StaticMeshActor (EditorCube14)
[2017.07.10-17.15.17:676][484]Cmd: DELETE
[2017.07.10-17.15.17:676][484]Cmd: ACTOR DELETE
[2017.07.10-17.15.17:677][484]LogEditorActor: Deleted Actor: StaticMeshActor
[2017.07.10-17.15.17:692][484]LogEditorActor: Deleted 1 Actors (0.015 secs)
[2017.07.10-17.15.18:389][568]LogEditorViewport: Clicking on Actor (LMB): StaticMeshActor (EditorCube13)
[2017.07.10-17.15.18:668][598]Cmd: DELETE
[2017.07.10-17.15.18:668][598]Cmd: ACTOR DELETE
[2017.07.10-17.15.18:669][598]LogEditorActor: Deleted Actor: StaticMeshActor
[2017.07.10-17.15.18:685][598]LogEditorActor: Deleted 1 Actors (0.016 secs)
[2017.07.10-17.15.19:332][676]LogEditorViewport: Clicking on Actor (LMB): StaticMeshActor (EditorCube11)
[2017.07.10-17.15.19:680][714]Cmd: DELETE
[2017.07.10-17.15.19:680][714]Cmd: ACTOR DELETE
[2017.07.10-17.15.19:680][714]LogEditorActor: Deleted Actor: StaticMeshActor
[2017.07.10-17.15.19:695][714]LogEditorActor: Deleted 1 Actors (0.015 secs)
[2017.07.10-17.15.21:185][893]LogEditorViewport: Clicking on Actor (LMB): StaticMeshActor (EditorCube16)
[2017.07.10-17.15.21:551][933]Cmd: DELETE
[2017.07.10-17.15.21:551][933]Cmd: ACTOR DELETE
[2017.07.10-17.15.21:551][933]LogEditorActor: Deleted Actor: StaticMeshActor
[2017.07.10-17.15.21:567][933]LogEditorActor: Deleted 1 Actors (0.016 secs)
[2017.07.10-17.15.22:272][ 18]LogEditorViewport: Clicking on Actor (LMB): StaticMeshActor (EditorCube17)
[2017.07.10-17.15.22:512][ 43]Cmd: DELETE
[2017.07.10-17.15.22:512][ 43]Cmd: ACTOR DELETE
[2017.07.10-17.15.22:512][ 43]LogEditorActor: Deleted Actor: StaticMeshActor
[2017.07.10-17.15.22:529][ 43]LogEditorActor: Deleted 1 Actors (0.018 secs)
[2017.07.10-17.15.23:160][119]LogEditorViewport: Clicking on Actor (LMB): StaticMeshActor (EditorCube15)
[2017.07.10-17.15.23:440][149]Cmd: DELETE
[2017.07.10-17.15.23:440][149]Cmd: ACTOR DELETE
[2017.07.10-17.15.23:440][149]LogEditorActor: Deleted Actor: StaticMeshActor
[2017.07.10-17.15.23:456][149]LogEditorActor: Deleted 1 Actors (0.016 secs)
[2017.07.10-17.15.42:135][388]LogTexture:Display: Building textures: WhiteSquareTexture (AutoDXT)
[2017.07.10-17.15.42:141][388]LogMaterial: Missing cached shader map for material LayerVisMaterial, compiling. 
[2017.07.10-17.15.42:170][388]LogMaterial: Missing cached shader map for material SelectBrushMaterial, compiling. 
[2017.07.10-17.15.42:190][388]LogMaterial: Missing cached shader map for material SelectBrushMaterial, compiling. 
[2017.07.10-17.15.42:211][388]LogMaterial: Missing cached shader map for material MaskBrushMaterial, compiling. 
[2017.07.10-17.15.42:236][388]LogMaterial: Missing cached shader map for material LandscapeLayerUsageMaterial, compiling. 
[2017.07.10-17.15.42:330][388]LogMaterial: Missing cached shader map for material CircleBrushMaterial, compiling. 
[2017.07.10-17.15.42:356][388]LogMaterial: Missing cached shader map for material CircleBrushMaterial, compiling. 
[2017.07.10-17.15.42:376][388]LogMaterial: Missing cached shader map for material CircleBrushMaterial, compiling. 
[2017.07.10-17.15.42:397][388]LogMaterial: Missing cached shader map for material CircleBrushMaterial, compiling. 
[2017.07.10-17.15.42:422][388]LogMaterial: Missing cached shader map for material AlphaBrushMaterial, compiling. 
[2017.07.10-17.15.42:446][388]LogMaterial: Missing cached shader map for material CircleBrushMaterial, compiling. 
[2017.07.10-17.15.42:471][388]LogMaterial: Missing cached shader map for material MaskBrushMaterial, compiling. 
[2017.07.10-17.15.42:500][388]LogTexture:Display: Building textures: Texture2D_2 (G8)
[2017.07.10-17.15.42:504][388]LogTexture:Display: Building textures: LandscapeThumbnailWeightmap (BGRA8)
[2017.07.10-17.15.42:505][388]LogTexture:Display: Building textures: LandscapeThumbnailHeightmap (BGRA8)
[2017.07.10-17.16.13:878][825]LogActorFactory: Actor Factory created Cube
[2017.07.10-17.16.20:948][637]LogActorFactory: Actor Factory created Cube
[2017.07.10-17.16.53:176][326]LogEditorViewport: Clicking on Actor (LMB): StaticMeshActor (Wall1)
[2017.07.10-17.17.03:194][523]LogEditorViewport: Clicking on Actor (LMB): StaticMeshActor (Cube)
[2017.07.10-17.18.06:743][134]LogEditorViewport: Clicking on Actor (LMB): StaticMeshActor (EditorCube10)
[2017.07.10-17.18.10:702][605]Cmd: DELETE
[2017.07.10-17.18.10:702][605]Cmd: ACTOR DELETE
[2017.07.10-17.18.10:703][605]LogEditorActor: Deleted Actor: StaticMeshActor
[2017.07.10-17.18.10:719][605]LogEditorActor: Deleted 1 Actors (0.016 secs)
[2017.07.10-17.18.12:950][873]LogEditorViewport: Clicking on Actor (LMB): StaticMeshActor (Cube)
[2017.07.10-17.18.34:112][405]LogEditorViewport: Clicking on Actor (LMB): StaticMeshActor (Floor)
[2017.07.10-17.18.35:563][575]LogEditorViewport: Clicking on Actor (LMB): StaticMeshActor (Wall3)
[2017.07.10-17.18.37:668][824]LogEditorViewport: Clicking on Actor (LMB): StaticMeshActor (Floor)
[2017.07.10-17.18.39:034][984]LogEditorViewport: Clicking on Actor (LMB): StaticMeshActor (Floor)
[2017.07.10-17.18.39:593][ 50]LogEditorViewport: Clicking on Actor (LMB): TextRenderActor (TemplateLabel)
[2017.07.10-17.18.41:285][248]LogEditorViewport: Clicking on Actor (LMB): StaticMeshActor (Floor)
[2017.07.10-17.18.48:297][ 85]LogTemp: Repeting last play command: Selected Viewport
[2017.07.10-17.18.48:307][ 85]LogBlueprintUserMessages: Early PlayInEditor Detection: Level '/Game/FirstPersonBP/Maps/FirstPersonExampleMap.FirstPersonExampleMap:PersistentLevel' has LevelScriptBlueprint '/Game/FirstPersonBP/Maps/FirstPersonExampleMap.FirstPersonExampleMap:PersistentLevel.FirstPersonExampleMap' with GeneratedClass '/Game/FirstPersonBP/Maps/FirstPersonExampleMap.FirstPersonExampleMap_C' with ClassGeneratedBy '/Game/FirstPersonBP/Maps/FirstPersonExampleMap.FirstPersonExampleMap:PersistentLevel.FirstPersonExampleMap'
[2017.07.10-17.18.48:307][ 85]LogPlayLevel: PlayLevel: No blueprints needed recompiling
[2017.07.10-17.18.48:307][ 85]PIE: New page: PIE session: FirstPersonExampleMap (Jul 10, 2017, 9:18:48 AM)
[2017.07.10-17.18.48:307][ 85]LogPlayLevel: Creating play world package: /Game/FirstPersonBP/Maps/UEDPIE_0_FirstPersonExampleMap
[2017.07.10-17.18.48:326][ 85]LogPlayLevel: PIE: StaticDuplicateObject took: (0.018194s)
[2017.07.10-17.18.48:326][ 85]LogAIModule: Creating AISystem for world FirstPersonExampleMap
[2017.07.10-17.18.48:327][ 85]LogPlayLevel: PIE: World Init took: (0.001005s)
[2017.07.10-17.18.48:327][ 85]LogPlayLevel: PIE: Created PIE world by copying editor world from /Game/FirstPersonBP/Maps/FirstPersonExampleMap.FirstPersonExampleMap to /Game/FirstPersonBP/Maps/UEDPIE_0_FirstPersonExampleMap.FirstPersonExampleMap (0.019478s)
[2017.07.10-17.18.48:360][ 85]LogInit: XAudio2 using 'DELL ST2320L-C (NVIDIA High Definition Audio)' : 2 channels at 48 kHz using 16 bits per sample (channel mask 0x3)
[2017.07.10-17.18.48:365][ 85]LogInit: FAudioDevice initialized.
[2017.07.10-17.18.48:395][ 85]LogLoad: Game class is 'FirstPersonGameMode_C'
[2017.07.10-17.18.48:397][ 85]LogWorld: Bringing World /Game/FirstPersonBP/Maps/UEDPIE_0_FirstPersonExampleMap.FirstPersonExampleMap up for play (max tick rate 0) at 2017.07.10-13.18.48
[2017.07.10-17.18.48:397][ 85]LogWorld: Bringing up level for play took: 0.002214
[2017.07.10-17.18.48:398][ 85]PIE: Info Play in editor start time for /Game/FirstPersonBP/Maps/UEDPIE_0_FirstPersonExampleMap 0.385
[2017.07.10-17.18.48:399][ 85]LogBlueprintUserMessages: Late PlayInEditor Detection: Level '/Game/FirstPersonBP/Maps/FirstPersonExampleMap.FirstPersonExampleMap:PersistentLevel' has LevelScriptBlueprint '/Game/FirstPersonBP/Maps/FirstPersonExampleMap.FirstPersonExampleMap:PersistentLevel.FirstPersonExampleMap' with GeneratedClass '/Game/FirstPersonBP/Maps/FirstPersonExampleMap.FirstPersonExampleMap_C' with ClassGeneratedBy '/Game/FirstPersonBP/Maps/FirstPersonExampleMap.FirstPersonExampleMap:PersistentLevel.FirstPersonExampleMap'
[2017.07.10-17.19.53:645][910]LogBlueprintUserMessages: Early EndPlayMap Detection: Level '/Game/FirstPersonBP/Maps/FirstPersonExampleMap.FirstPersonExampleMap:PersistentLevel' has LevelScriptBlueprint '/Game/FirstPersonBP/Maps/FirstPersonExampleMap.FirstPersonExampleMap:PersistentLevel.FirstPersonExampleMap' with GeneratedClass '/Game/FirstPersonBP/Maps/FirstPersonExampleMap.FirstPersonExampleMap_C' with ClassGeneratedBy '/Game/FirstPersonBP/Maps/FirstPersonExampleMap.FirstPersonExampleMap:PersistentLevel.FirstPersonExampleMap'
[2017.07.10-17.19.53:692][910]LogBlueprintUserMessages: Late EndPlayMap Detection: Level '/Game/FirstPersonBP/Maps/FirstPersonExampleMap.FirstPersonExampleMap:PersistentLevel' has LevelScriptBlueprint '/Game/FirstPersonBP/Maps/FirstPersonExampleMap.FirstPersonExampleMap:PersistentLevel.FirstPersonExampleMap' with GeneratedClass '/Game/FirstPersonBP/Maps/FirstPersonExampleMap.FirstPersonExampleMap_C' with ClassGeneratedBy '/Game/FirstPersonBP/Maps/FirstPersonExampleMap.FirstPersonExampleMap:PersistentLevel.FirstPersonExampleMap'
[2017.07.10-17.20.09:855][839]LogEditorViewport: Clicking on Actor (LMB): FirstPersonCharacter_C (FirstPersonCharacter)
[2017.07.10-17.23.19:311][453]Cmd: BRUSH ADD SELECTNEWBRUSH
[2017.07.10-17.25.19:281][713]LogEditorViewport: Clicking on Actor (LMB): StaticMeshActor (Floor)
[2017.07.10-17.25.21:653][993]LogTemp: Repeting last play command: Selected Viewport
[2017.07.10-17.25.21:662][993]LogBlueprintUserMessages: Early PlayInEditor Detection: Level '/Game/FirstPersonBP/Maps/FirstPersonExampleMap.FirstPersonExampleMap:PersistentLevel' has LevelScriptBlueprint '/Game/FirstPersonBP/Maps/FirstPersonExampleMap.FirstPersonExampleMap:PersistentLevel.FirstPersonExampleMap' with GeneratedClass '/Game/FirstPersonBP/Maps/FirstPersonExampleMap.FirstPersonExampleMap_C' with ClassGeneratedBy '/Game/FirstPersonBP/Maps/FirstPersonExampleMap.FirstPersonExampleMap:PersistentLevel.FirstPersonExampleMap'
[2017.07.10-17.25.21:662][993]LogPlayLevel: PlayLevel: No blueprints needed recompiling
[2017.07.10-17.25.21:662][993]PIE: New page: PIE session: FirstPersonExampleMap (Jul 10, 2017, 9:25:21 AM)
[2017.07.10-17.25.21:662][993]LogPlayLevel: Creating play world package: /Game/FirstPersonBP/Maps/UEDPIE_0_FirstPersonExampleMap
[2017.07.10-17.25.21:681][993]LogPlayLevel: PIE: StaticDuplicateObject took: (0.018477s)
[2017.07.10-17.25.21:682][993]LogAIModule: Creating AISystem for world FirstPersonExampleMap
[2017.07.10-17.25.21:682][993]LogPlayLevel: PIE: World Init took: (0.001074s)
[2017.07.10-17.25.21:682][993]LogPlayLevel: PIE: Created PIE world by copying editor world from /Game/FirstPersonBP/Maps/FirstPersonExampleMap.FirstPersonExampleMap to /Game/FirstPersonBP/Maps/UEDPIE_0_FirstPersonExampleMap.FirstPersonExampleMap (0.019888s)
[2017.07.10-17.25.21:718][993]LogInit: XAudio2 using 'DELL ST2320L-C (NVIDIA High Definition Audio)' : 2 channels at 48 kHz using 16 bits per sample (channel mask 0x3)
[2017.07.10-17.25.21:723][993]LogInit: FAudioDevice initialized.
[2017.07.10-17.25.21:751][993]LogLoad: Game class is 'FirstPersonGameMode_C'
[2017.07.10-17.25.21:753][993]LogWorld: Bringing World /Game/FirstPersonBP/Maps/UEDPIE_0_FirstPersonExampleMap.FirstPersonExampleMap up for play (max tick rate 0) at 2017.07.10-13.25.21
[2017.07.10-17.25.21:754][993]LogWorld: Bringing up level for play took: 0.001834
[2017.07.10-17.25.21:755][993]PIE: Info Play in editor start time for /Game/FirstPersonBP/Maps/UEDPIE_0_FirstPersonExampleMap -0.254
[2017.07.10-17.25.21:755][993]LogBlueprintUserMessages: Late PlayInEditor Detection: Level '/Game/FirstPersonBP/Maps/FirstPersonExampleMap.FirstPersonExampleMap:PersistentLevel' has LevelScriptBlueprint '/Game/FirstPersonBP/Maps/FirstPersonExampleMap.FirstPersonExampleMap:PersistentLevel.FirstPersonExampleMap' with GeneratedClass '/Game/FirstPersonBP/Maps/FirstPersonExampleMap.FirstPersonExampleMap_C' with ClassGeneratedBy '/Game/FirstPersonBP/Maps/FirstPersonExampleMap.FirstPersonExampleMap:PersistentLevel.FirstPersonExampleMap'
[2017.07.10-17.26.21:864][202]LogBlueprintUserMessages: Early EndPlayMap Detection: Level '/Game/FirstPersonBP/Maps/FirstPersonExampleMap.FirstPersonExampleMap:PersistentLevel' has LevelScriptBlueprint '/Game/FirstPersonBP/Maps/FirstPersonExampleMap.FirstPersonExampleMap:PersistentLevel.FirstPersonExampleMap' with GeneratedClass '/Game/FirstPersonBP/Maps/FirstPersonExampleMap.FirstPersonExampleMap_C' with ClassGeneratedBy '/Game/FirstPersonBP/Maps/FirstPersonExampleMap.FirstPersonExampleMap:PersistentLevel.FirstPersonExampleMap'
[2017.07.10-17.26.21:911][202]LogBlueprintUserMessages: Late EndPlayMap Detection: Level '/Game/FirstPersonBP/Maps/FirstPersonExampleMap.FirstPersonExampleMap:PersistentLevel' has LevelScriptBlueprint '/Game/FirstPersonBP/Maps/FirstPersonExampleMap.FirstPersonExampleMap:PersistentLevel.FirstPersonExampleMap' with GeneratedClass '/Game/FirstPersonBP/Maps/FirstPersonExampleMap.FirstPersonExampleMap_C' with ClassGeneratedBy '/Game/FirstPersonBP/Maps/FirstPersonExampleMap.FirstPersonExampleMap:PersistentLevel.FirstPersonExampleMap'
[2017.07.10-17.27.32:790][518]LogTemp: Repeting last play command: Selected Viewport
[2017.07.10-17.27.32:800][518]LogBlueprintUserMessages: Early PlayInEditor Detection: Level '/Game/FirstPersonBP/Maps/FirstPersonExampleMap.FirstPersonExampleMap:PersistentLevel' has LevelScriptBlueprint '/Game/FirstPersonBP/Maps/FirstPersonExampleMap.FirstPersonExampleMap:PersistentLevel.FirstPersonExampleMap' with GeneratedClass '/Game/FirstPersonBP/Maps/FirstPersonExampleMap.FirstPersonExampleMap_C' with ClassGeneratedBy '/Game/FirstPersonBP/Maps/FirstPersonExampleMap.FirstPersonExampleMap:PersistentLevel.FirstPersonExampleMap'
[2017.07.10-17.27.32:800][518]LogPlayLevel: PlayLevel: No blueprints needed recompiling
[2017.07.10-17.27.32:800][518]PIE: New page: PIE session: FirstPersonExampleMap (Jul 10, 2017, 9:27:32 AM)
[2017.07.10-17.27.32:800][518]LogPlayLevel: Creating play world package: /Game/FirstPersonBP/Maps/UEDPIE_0_FirstPersonExampleMap
[2017.07.10-17.27.32:820][518]LogPlayLevel: PIE: StaticDuplicateObject took: (0.019455s)
[2017.07.10-17.27.32:821][518]LogAIModule: Creating AISystem for world FirstPersonExampleMap
[2017.07.10-17.27.32:821][518]LogPlayLevel: PIE: World Init took: (0.000873s)
[2017.07.10-17.27.32:821][518]LogPlayLevel: PIE: Created PIE world by copying editor world from /Game/FirstPersonBP/Maps/FirstPersonExampleMap.FirstPersonExampleMap to /Game/FirstPersonBP/Maps/UEDPIE_0_FirstPersonExampleMap.FirstPersonExampleMap (0.020574s)
[2017.07.10-17.27.32:856][518]LogInit: XAudio2 using 'DELL ST2320L-C (NVIDIA High Definition Audio)' : 2 channels at 48 kHz using 16 bits per sample (channel mask 0x3)
[2017.07.10-17.27.32:861][518]LogInit: FAudioDevice initialized.
[2017.07.10-17.27.32:889][518]LogLoad: Game class is 'FirstPersonGameMode_C'
[2017.07.10-17.27.32:890][518]LogWorld: Bringing World /Game/FirstPersonBP/Maps/UEDPIE_0_FirstPersonExampleMap.FirstPersonExampleMap up for play (max tick rate 0) at 2017.07.10-13.27.32
[2017.07.10-17.27.32:891][518]LogWorld: Bringing up level for play took: 0.001686
[2017.07.10-17.27.32:891][518]PIE: Info Play in editor start time for /Game/FirstPersonBP/Maps/UEDPIE_0_FirstPersonExampleMap 0.884
[2017.07.10-17.27.32:892][518]LogBlueprintUserMessages: Late PlayInEditor Detection: Level '/Game/FirstPersonBP/Maps/FirstPersonExampleMap.FirstPersonExampleMap:PersistentLevel' has LevelScriptBlueprint '/Game/FirstPersonBP/Maps/FirstPersonExampleMap.FirstPersonExampleMap:PersistentLevel.FirstPersonExampleMap' with GeneratedClass '/Game/FirstPersonBP/Maps/FirstPersonExampleMap.FirstPersonExampleMap_C' with ClassGeneratedBy '/Game/FirstPersonBP/Maps/FirstPersonExampleMap.FirstPersonExampleMap:PersistentLevel.FirstPersonExampleMap'
[2017.07.10-17.28.33:529][790]LogBlueprintUserMessages: Early EndPlayMap Detection: Level '/Game/FirstPersonBP/Maps/FirstPersonExampleMap.FirstPersonExampleMap:PersistentLevel' has LevelScriptBlueprint '/Game/FirstPersonBP/Maps/FirstPersonExampleMap.FirstPersonExampleMap:PersistentLevel.FirstPersonExampleMap' with GeneratedClass '/Game/FirstPersonBP/Maps/FirstPersonExampleMap.FirstPersonExampleMap_C' with ClassGeneratedBy '/Game/FirstPersonBP/Maps/FirstPersonExampleMap.FirstPersonExampleMap:PersistentLevel.FirstPersonExampleMap'
[2017.07.10-17.28.33:564][790]LogBlueprintUserMessages: Late EndPlayMap Detection: Level '/Game/FirstPersonBP/Maps/FirstPersonExampleMap.FirstPersonExampleMap:PersistentLevel' has LevelScriptBlueprint '/Game/FirstPersonBP/Maps/FirstPersonExampleMap.FirstPersonExampleMap:PersistentLevel.FirstPersonExampleMap' with GeneratedClass '/Game/FirstPersonBP/Maps/FirstPersonExampleMap.FirstPersonExampleMap_C' with ClassGeneratedBy '/Game/FirstPersonBP/Maps/FirstPersonExampleMap.FirstPersonExampleMap:PersistentLevel.FirstPersonExampleMap'
[2017.07.10-17.28.58:963][820]Cmd: DELETE
[2017.07.10-17.28.58:963][820]Cmd: ACTOR DELETE
[2017.07.10-17.28.58:964][820]LogEditorActor: Deleted Actor: PointLight
[2017.07.10-17.28.58:979][820]LogEditorActor: Deleted 1 Actors (0.016 secs)
[2017.07.10-17.29.25:876][ 43]Cmd: DELETE
[2017.07.10-17.29.25:876][ 43]Cmd: ACTOR DELETE
[2017.07.10-17.29.25:877][ 43]LogEditorActor: Deleted Actor: DirectionalLight
[2017.07.10-17.29.25:892][ 43]LogEditorActor: Deleted 1 Actors (0.016 secs)
[2017.07.10-17.29.41:575][925]LogEditorViewport: Clicking on Actor (LMB): FirstPersonCharacter_C (FirstPersonCharacter)
[2017.07.10-17.30.54:475][626]LogEditorViewport: Clicking on Actor (LMB): FirstPersonCharacter_C (FirstPersonCharacter)
[2017.07.10-17.32.06:320][216]LogTemp: Repeting last play command: Selected Viewport
[2017.07.10-17.32.06:328][216]LogBlueprintUserMessages: Early PlayInEditor Detection: Level '/Game/FirstPersonBP/Maps/FirstPersonExampleMap.FirstPersonExampleMap:PersistentLevel' has LevelScriptBlueprint '/Game/FirstPersonBP/Maps/FirstPersonExampleMap.FirstPersonExampleMap:PersistentLevel.FirstPersonExampleMap' with GeneratedClass '/Game/FirstPersonBP/Maps/FirstPersonExampleMap.FirstPersonExampleMap_C' with ClassGeneratedBy '/Game/FirstPersonBP/Maps/FirstPersonExampleMap.FirstPersonExampleMap:PersistentLevel.FirstPersonExampleMap'
[2017.07.10-17.32.06:328][216]LogPlayLevel: PlayLevel: No blueprints needed recompiling
[2017.07.10-17.32.06:329][216]PIE: New page: PIE session: FirstPersonExampleMap (Jul 10, 2017, 9:32:06 AM)
[2017.07.10-17.32.06:329][216]LogPlayLevel: Creating play world package: /Game/FirstPersonBP/Maps/UEDPIE_0_FirstPersonExampleMap
[2017.07.10-17.32.06:349][216]LogPlayLevel: PIE: StaticDuplicateObject took: (0.020619s)
[2017.07.10-17.32.06:350][216]LogAIModule: Creating AISystem for world FirstPersonExampleMap
[2017.07.10-17.32.06:350][216]LogPlayLevel: PIE: World Init took: (0.001077s)
[2017.07.10-17.32.06:351][216]LogPlayLevel: PIE: Created PIE world by copying editor world from /Game/FirstPersonBP/Maps/FirstPersonExampleMap.FirstPersonExampleMap to /Game/FirstPersonBP/Maps/UEDPIE_0_FirstPersonExampleMap.FirstPersonExampleMap (0.022030s)
[2017.07.10-17.32.06:412][216]LogInit: XAudio2 using 'DELL ST2320L-C (NVIDIA High Definition Audio)' : 2 channels at 48 kHz using 16 bits per sample (channel mask 0x3)
[2017.07.10-17.32.06:416][216]LogInit: FAudioDevice initialized.
[2017.07.10-17.32.06:447][216]LogLoad: Game class is 'FirstPersonGameMode_C'
[2017.07.10-17.32.06:449][216]LogWorld: Bringing World /Game/FirstPersonBP/Maps/UEDPIE_0_FirstPersonExampleMap.FirstPersonExampleMap up for play (max tick rate 0) at 2017.07.10-13.32.06
[2017.07.10-17.32.06:449][216]LogWorld: Bringing up level for play took: 0.001918
[2017.07.10-17.32.06:450][216]PIE: Info Play in editor start time for /Game/FirstPersonBP/Maps/UEDPIE_0_FirstPersonExampleMap 0.446
[2017.07.10-17.32.06:450][216]LogBlueprintUserMessages: Late PlayInEditor Detection: Level '/Game/FirstPersonBP/Maps/FirstPersonExampleMap.FirstPersonExampleMap:PersistentLevel' has LevelScriptBlueprint '/Game/FirstPersonBP/Maps/FirstPersonExampleMap.FirstPersonExampleMap:PersistentLevel.FirstPersonExampleMap' with GeneratedClass '/Game/FirstPersonBP/Maps/FirstPersonExampleMap.FirstPersonExampleMap_C' with ClassGeneratedBy '/Game/FirstPersonBP/Maps/FirstPersonExampleMap.FirstPersonExampleMap:PersistentLevel.FirstPersonExampleMap'
[2017.07.10-17.32.40:054][246]LogBlueprintUserMessages: Early EndPlayMap Detection: Level '/Game/FirstPersonBP/Maps/FirstPersonExampleMap.FirstPersonExampleMap:PersistentLevel' has LevelScriptBlueprint '/Game/FirstPersonBP/Maps/FirstPersonExampleMap.FirstPersonExampleMap:PersistentLevel.FirstPersonExampleMap' with GeneratedClass '/Game/FirstPersonBP/Maps/FirstPersonExampleMap.FirstPersonExampleMap_C' with ClassGeneratedBy '/Game/FirstPersonBP/Maps/FirstPersonExampleMap.FirstPersonExampleMap:PersistentLevel.FirstPersonExampleMap'
[2017.07.10-17.32.40:114][246]LogBlueprintUserMessages: Late EndPlayMap Detection: Level '/Game/FirstPersonBP/Maps/FirstPersonExampleMap.FirstPersonExampleMap:PersistentLevel' has LevelScriptBlueprint '/Game/FirstPersonBP/Maps/FirstPersonExampleMap.FirstPersonExampleMap:PersistentLevel.FirstPersonExampleMap' with GeneratedClass '/Game/FirstPersonBP/Maps/FirstPersonExampleMap.FirstPersonExampleMap_C' with ClassGeneratedBy '/Game/FirstPersonBP/Maps/FirstPersonExampleMap.FirstPersonExampleMap:PersistentLevel.FirstPersonExampleMap'
[2017.07.10-17.32.57:394][255]LogContentBrowser: Native class hierarchy updated for 'BlueprintGraph' in 0.0008 seconds. Added 111 classes and 0 folders.
[2017.07.10-17.32.57:984][255]LogTexture:Display: Building textures: TilePatine_N (BC5)
[2017.07.10-17.32.58:035][255]LogTexture:Display: Building textures: TilePatine_D (AutoDXT)
[2017.07.10-17.36.47:406][559]Cmd: BRUSH ADD SELECTNEWBRUSH
[2017.07.10-17.36.55:595][539]LogTemp: Repeting last play command: Selected Viewport
[2017.07.10-17.36.55:609][539]LogBlueprintUserMessages: Early PlayInEditor Detection: Level '/Game/FirstPersonBP/Maps/FirstPersonExampleMap.FirstPersonExampleMap:PersistentLevel' has LevelScriptBlueprint '/Game/FirstPersonBP/Maps/FirstPersonExampleMap.FirstPersonExampleMap:PersistentLevel.FirstPersonExampleMap' with GeneratedClass '/Game/FirstPersonBP/Maps/FirstPersonExampleMap.FirstPersonExampleMap_C' with ClassGeneratedBy '/Game/FirstPersonBP/Maps/FirstPersonExampleMap.FirstPersonExampleMap:PersistentLevel.FirstPersonExampleMap'
[2017.07.10-17.36.55:609][539]LogPlayLevel: PlayLevel: No blueprints needed recompiling
[2017.07.10-17.36.55:609][539]PIE: New page: PIE session: FirstPersonExampleMap (Jul 10, 2017, 9:36:55 AM)
[2017.07.10-17.36.55:610][539]LogPlayLevel: Creating play world package: /Game/FirstPersonBP/Maps/UEDPIE_0_FirstPersonExampleMap
[2017.07.10-17.36.55:630][539]LogPlayLevel: PIE: StaticDuplicateObject took: (0.019967s)
[2017.07.10-17.36.55:630][539]LogAIModule: Creating AISystem for world FirstPersonExampleMap
[2017.07.10-17.36.55:630][539]LogPlayLevel: PIE: World Init took: (0.000905s)
[2017.07.10-17.36.55:631][539]LogPlayLevel: PIE: Created PIE world by copying editor world from /Game/FirstPersonBP/Maps/FirstPersonExampleMap.FirstPersonExampleMap to /Game/FirstPersonBP/Maps/UEDPIE_0_FirstPersonExampleMap.FirstPersonExampleMap (0.021182s)
[2017.07.10-17.36.55:680][539]LogInit: XAudio2 using 'DELL ST2320L-C (NVIDIA High Definition Audio)' : 2 channels at 48 kHz using 16 bits per sample (channel mask 0x3)
[2017.07.10-17.36.55:684][539]LogInit: FAudioDevice initialized.
[2017.07.10-17.36.55:712][539]LogLoad: Game class is 'FirstPersonGameMode_C'
[2017.07.10-17.36.55:714][539]LogWorld: Bringing World /Game/FirstPersonBP/Maps/UEDPIE_0_FirstPersonExampleMap.FirstPersonExampleMap up for play (max tick rate 0) at 2017.07.10-13.36.55
[2017.07.10-17.36.55:714][539]LogWorld: Bringing up level for play took: 0.001520
[2017.07.10-17.36.55:715][539]PIE: Info Play in editor start time for /Game/FirstPersonBP/Maps/UEDPIE_0_FirstPersonExampleMap -0.285
[2017.07.10-17.36.55:715][539]LogBlueprintUserMessages: Late PlayInEditor Detection: Level '/Game/FirstPersonBP/Maps/FirstPersonExampleMap.FirstPersonExampleMap:PersistentLevel' has LevelScriptBlueprint '/Game/FirstPersonBP/Maps/FirstPersonExampleMap.FirstPersonExampleMap:PersistentLevel.FirstPersonExampleMap' with GeneratedClass '/Game/FirstPersonBP/Maps/FirstPersonExampleMap.FirstPersonExampleMap_C' with ClassGeneratedBy '/Game/FirstPersonBP/Maps/FirstPersonExampleMap.FirstPersonExampleMap:PersistentLevel.FirstPersonExampleMap'
[2017.07.10-17.37.48:236][837]LogBlueprintUserMessages: Early EndPlayMap Detection: Level '/Game/FirstPersonBP/Maps/FirstPersonExampleMap.FirstPersonExampleMap:PersistentLevel' has LevelScriptBlueprint '/Game/FirstPersonBP/Maps/FirstPersonExampleMap.FirstPersonExampleMap:PersistentLevel.FirstPersonExampleMap' with GeneratedClass '/Game/FirstPersonBP/Maps/FirstPersonExampleMap.FirstPersonExampleMap_C' with ClassGeneratedBy '/Game/FirstPersonBP/Maps/FirstPersonExampleMap.FirstPersonExampleMap:PersistentLevel.FirstPersonExampleMap'
[2017.07.10-17.37.48:277][837]LogBlueprintUserMessages: Late EndPlayMap Detection: Level '/Game/FirstPersonBP/Maps/FirstPersonExampleMap.FirstPersonExampleMap:PersistentLevel' has LevelScriptBlueprint '/Game/FirstPersonBP/Maps/FirstPersonExampleMap.FirstPersonExampleMap:PersistentLevel.FirstPersonExampleMap' with GeneratedClass '/Game/FirstPersonBP/Maps/FirstPersonExampleMap.FirstPersonExampleMap_C' with ClassGeneratedBy '/Game/FirstPersonBP/Maps/FirstPersonExampleMap.FirstPersonExampleMap:PersistentLevel.FirstPersonExampleMap'
[2017.07.10-17.38.11:263][578]LogTemp: Repeting last play command: Selected Viewport
[2017.07.10-17.38.11:271][578]LogBlueprintUserMessages: Early PlayInEditor Detection: Level '/Game/FirstPersonBP/Maps/FirstPersonExampleMap.FirstPersonExampleMap:PersistentLevel' has LevelScriptBlueprint '/Game/FirstPersonBP/Maps/FirstPersonExampleMap.FirstPersonExampleMap:PersistentLevel.FirstPersonExampleMap' with GeneratedClass '/Game/FirstPersonBP/Maps/FirstPersonExampleMap.FirstPersonExampleMap_C' with ClassGeneratedBy '/Game/FirstPersonBP/Maps/FirstPersonExampleMap.FirstPersonExampleMap:PersistentLevel.FirstPersonExampleMap'
[2017.07.10-17.38.11:271][578]LogPlayLevel: PlayLevel: No blueprints needed recompiling
[2017.07.10-17.38.11:271][578]PIE: New page: PIE session: FirstPersonExampleMap (Jul 10, 2017, 9:38:11 AM)
[2017.07.10-17.38.11:271][578]LogPlayLevel: Creating play world package: /Game/FirstPersonBP/Maps/UEDPIE_0_FirstPersonExampleMap
[2017.07.10-17.38.11:291][578]LogPlayLevel: PIE: StaticDuplicateObject took: (0.019164s)
[2017.07.10-17.38.11:291][578]LogAIModule: Creating AISystem for world FirstPersonExampleMap
[2017.07.10-17.38.11:292][578]LogPlayLevel: PIE: World Init took: (0.001111s)
[2017.07.10-17.38.11:292][578]LogPlayLevel: PIE: Created PIE world by copying editor world from /Game/FirstPersonBP/Maps/FirstPersonExampleMap.FirstPersonExampleMap to /Game/FirstPersonBP/Maps/UEDPIE_0_FirstPersonExampleMap.FirstPersonExampleMap (0.020543s)
[2017.07.10-17.38.11:332][578]LogInit: XAudio2 using 'DELL ST2320L-C (NVIDIA High Definition Audio)' : 2 channels at 48 kHz using 16 bits per sample (channel mask 0x3)
[2017.07.10-17.38.11:336][578]LogInit: FAudioDevice initialized.
[2017.07.10-17.38.11:364][578]LogLoad: Game class is 'FirstPersonGameMode_C'
[2017.07.10-17.38.11:365][578]LogWorld: Bringing World /Game/FirstPersonBP/Maps/UEDPIE_0_FirstPersonExampleMap.FirstPersonExampleMap up for play (max tick rate 0) at 2017.07.10-13.38.11
[2017.07.10-17.38.11:366][578]LogWorld: Bringing up level for play took: 0.002271
[2017.07.10-17.38.11:367][578]PIE: Info Play in editor start time for /Game/FirstPersonBP/Maps/UEDPIE_0_FirstPersonExampleMap -0.632
[2017.07.10-17.38.11:367][578]LogBlueprintUserMessages: Late PlayInEditor Detection: Level '/Game/FirstPersonBP/Maps/FirstPersonExampleMap.FirstPersonExampleMap:PersistentLevel' has LevelScriptBlueprint '/Game/FirstPersonBP/Maps/FirstPersonExampleMap.FirstPersonExampleMap:PersistentLevel.FirstPersonExampleMap' with GeneratedClass '/Game/FirstPersonBP/Maps/FirstPersonExampleMap.FirstPersonExampleMap_C' with ClassGeneratedBy '/Game/FirstPersonBP/Maps/FirstPersonExampleMap.FirstPersonExampleMap:PersistentLevel.FirstPersonExampleMap'
[2017.07.10-17.38.29:120][704]LogSpawn:Warning: SpawnActor failed because of collision at the spawn location [X=1488.954 Y=-47.370 Z=302.266] for [FirstPersonProjectile_C]
[2017.07.10-17.38.44:462][545]LogBlueprintUserMessages: Early EndPlayMap Detection: Level '/Game/FirstPersonBP/Maps/FirstPersonExampleMap.FirstPersonExampleMap:PersistentLevel' has LevelScriptBlueprint '/Game/FirstPersonBP/Maps/FirstPersonExampleMap.FirstPersonExampleMap:PersistentLevel.FirstPersonExampleMap' with GeneratedClass '/Game/FirstPersonBP/Maps/FirstPersonExampleMap.FirstPersonExampleMap_C' with ClassGeneratedBy '/Game/FirstPersonBP/Maps/FirstPersonExampleMap.FirstPersonExampleMap:PersistentLevel.FirstPersonExampleMap'
[2017.07.10-17.38.44:502][545]LogBlueprintUserMessages: Late EndPlayMap Detection: Level '/Game/FirstPersonBP/Maps/FirstPersonExampleMap.FirstPersonExampleMap:PersistentLevel' has LevelScriptBlueprint '/Game/FirstPersonBP/Maps/FirstPersonExampleMap.FirstPersonExampleMap:PersistentLevel.FirstPersonExampleMap' with GeneratedClass '/Game/FirstPersonBP/Maps/FirstPersonExampleMap.FirstPersonExampleMap_C' with ClassGeneratedBy '/Game/FirstPersonBP/Maps/FirstPersonExampleMap.FirstPersonExampleMap:PersistentLevel.FirstPersonExampleMap'
[2017.07.10-17.38.48:924][ 68]LogEditorViewport: Clicking on Actor (LMB): KillZVolume (KillZVolume)
[2017.07.10-17.41.42:078][686]Cmd: OBJ SAVEPACKAGE PACKAGE="/Game/FirstPersonBP/Maps/FirstPersonExampleMap" FILE="D:/KOC/Project/Content/FirstPersonBP/Maps/FirstPersonExampleMap.umap" SILENT=true AUTOSAVING=false KEEPDIRTY=false
[2017.07.10-17.41.42:222][686]LogSavePackage: Save=107.44ms
[2017.07.10-17.41.42:222][686]LogSavePackage: Moving 'D:/KOC/Project/Saved/FirstPersonExampleMap01FA67B747608E1706F335BB2AA419C8.tmp' to 'D:/KOC/Project/Content/FirstPersonBP/Maps/FirstPersonExampleMap.umap'
[2017.07.10-17.41.42:223][686]LogSavePackage:Display: Finished SavePackage D:/KOC/Project/Content/FirstPersonBP/Maps/FirstPersonExampleMap.umap
[2017.07.10-17.41.42:241][686]Cmd: OBJ SAVEPACKAGE PACKAGE="/Game/FirstPersonBP/Maps/FirstPersonExampleMap_BuiltData" FILE="D:/KOC/Project/Content/FirstPersonBP/Maps/FirstPersonExampleMap_BuiltData.uasset" SILENT=true
[2017.07.10-17.41.44:649][686]LogSavePackage: Save=2398.22ms
[2017.07.10-17.41.44:649][686]LogSavePackage: Moving 'D:/KOC/Project/Saved/FirstPersonExampleMap_BuiltData6EF2193646C0CBC43009EFBDC5B2AC14.tmp' to 'D:/KOC/Project/Content/FirstPersonBP/Maps/FirstPersonExampleMap_BuiltData.uasset'
[2017.07.10-17.41.44:650][686]LogSavePackage:Display: Finished SavePackage D:/KOC/Project/Content/FirstPersonBP/Maps/FirstPersonExampleMap_BuiltData.uasset
[2017.07.10-17.42.12:428][986]Cmd: QUIT_EDITOR
[2017.07.10-17.42.12:677][986]LogWindowsTextInputMethodSystem:Display: IME system now deactivated.
[2017.07.10-17.42.12:694][986]LogExit: Preparing to exit.
[2017.07.10-17.42.13:587][986]LogExit: Editor shut down
[2017.07.10-17.42.13:588][986]LogExit: Transaction tracking system shut down
[2017.07.10-17.42.13:683][986]LogObj: Freed 0b from 0 cluster array pools.
[2017.07.10-17.42.13:683][986]LogExit: Object subsystem successfully closed.
[2017.07.10-17.42.13:696][986]LogD3D11RHI: Shutdown
[2017.07.10-17.42.13:696][986]LogD3D11RHI: CleanupD3DDevice
[2017.07.10-17.42.13:779][986]LogD3D11RHI: ~FD3D11DynamicRHI
[2017.07.10-17.42.13:788][986]LogHttp:Display: Http module shutting down, but needs to wait on 1 outstanding Http requests:
[2017.07.10-17.42.13:788][986]LogHttp:Display: 	verb=[POST] url=[https://datarouter.ol.epicgames.com/datarouter/api/v1/public/data?SessionID=%7BEF9B63E2-421E-1E06-18DA-B190C9CFF310%7D&AppID=UEEditor.Rocket.Release&AppVersion=4.14.3-3249277%2B%2B%2BUE4%2BRelease-4.14&UserID=822a24ed4865cb29cef75ea46c8807bb%7C24b26a98cc494afc88dbb0dd5e833dad%7Ca59d3b82-35a8-4791-a9a2-916a193a2c3c&AppEnvironment=datacollector-binary&UploadType=eteventstream] status=Processing
[2017.07.10-17.42.13:789][986]LogModuleManager: Shutting down and abandoning module BlueprintGraph (244)
[2017.07.10-17.42.13:789][986]LogModuleManager: Shutting down and abandoning module BlueprintProfiler (243)
[2017.07.10-17.42.13:791][986]LogModuleManager: Shutting down and abandoning module MovieSceneCapture (242)
[2017.07.10-17.42.13:791][986]LogModuleManager: Shutting down and abandoning module HierarchicalLODOutliner (241)
[2017.07.10-17.42.13:791][986]LogModuleManager: Shutting down and abandoning module CrashTracker (240)
[2017.07.10-17.42.13:791][986]LogModuleManager: Shutting down and abandoning module SceneOutliner (239)
[2017.07.10-17.42.13:791][986]LogModuleManager: Shutting down and abandoning module WidgetCarousel (238)
[2017.07.10-17.42.13:791][986]LogModuleManager: Shutting down and abandoning module AddContentDialog (237)
[2017.07.10-17.42.13:791][986]LogDirectoryWatcher: A directory notification for 'C:/Program Files (x86)/Epic Games/4.14/FeaturePacks/' was aborted.
[2017.07.10-17.42.13:809][986]LogModuleManager: Shutting down and abandoning module GameplayTags (236)
[2017.07.10-17.42.13:809][986]LogModuleManager: Shutting down and abandoning module EditorWidgets (235)
[2017.07.10-17.42.13:809][986]LogModuleManager: Shutting down and abandoning module CollectionManager (234)
[2017.07.10-17.42.13:810][986]LogDirectoryWatcher: A directory notification for 'D:/KOC/Project/Content/Collections/' was aborted.
[2017.07.10-17.42.13:810][986]LogDirectoryWatcher: A directory notification for 'D:/KOC/Project/Content/Developers/IGMAdmin/Collections/' was aborted.
[2017.07.10-17.42.13:810][986]LogDirectoryWatcher: A directory notification for 'D:/KOC/Project/Saved/Collections/' was aborted.
[2017.07.10-17.42.13:810][986]LogModuleManager: Shutting down and abandoning module StatsViewer (233)
[2017.07.10-17.42.13:810][986]LogModuleManager: Shutting down and abandoning module FoliageEdit (232)
[2017.07.10-17.42.13:810][986]LogModuleManager: Shutting down and abandoning module LandscapeEditor (231)
[2017.07.10-17.42.13:810][986]LogModuleManager: Shutting down and abandoning module SceneDepthPickerMode (230)
[2017.07.10-17.42.13:810][986]LogModuleManager: Shutting down and abandoning module ActorPickerMode (229)
[2017.07.10-17.42.13:810][986]LogModuleManager: Shutting down and abandoning module GeometryMode (228)
[2017.07.10-17.42.13:810][986]LogModuleManager: Shutting down and abandoning module TextureAlignMode (227)
[2017.07.10-17.42.13:810][986]LogModuleManager: Shutting down and abandoning module BspMode (226)
[2017.07.10-17.42.13:810][986]LogModuleManager: Shutting down and abandoning module HardwareSurvey (225)
[2017.07.10-17.42.13:810][986]LogModuleManager: Shutting down and abandoning module SequenceRecorderSections (224)
[2017.07.10-17.42.13:810][986]LogModuleManager: Shutting down and abandoning module AutomationWorker (223)
[2017.07.10-17.42.13:810][986]LogModuleManager: Shutting down and abandoning module MatineeToLevelSequence (222)
[2017.07.10-17.42.13:810][986]LogModuleManager: Shutting down and abandoning module PlacementMode (221)
[2017.07.10-17.42.13:810][986]LogModuleManager: Shutting down and abandoning module LevelSequenceEditor (220)
[2017.07.10-17.42.13:810][986]LogModuleManager: Shutting down and abandoning module WmfMediaFactory (219)
[2017.07.10-17.42.13:810][986]LogModuleManager: Shutting down and abandoning module WmfMediaEditor (218)
[2017.07.10-17.42.13:810][986]LogModuleManager: Shutting down and abandoning module AvfMediaFactory (217)
[2017.07.10-17.42.13:810][986]LogModuleManager: Shutting down and abandoning module AvfMediaEditor (216)
[2017.07.10-17.42.13:810][986]LogModuleManager: Shutting down and abandoning module Media (215)
[2017.07.10-17.42.13:810][986]LogModuleManager: Shutting down and abandoning module AndroidMediaFactory (214)
[2017.07.10-17.42.13:810][986]LogModuleManager: Shutting down and abandoning module AndroidMediaEditor (213)
[2017.07.10-17.42.13:810][986]LogModuleManager: Shutting down and abandoning module CharacterAI (212)
[2017.07.10-17.42.13:810][986]LogModuleManager: Shutting down and abandoning module SequenceRecorder (211)
[2017.07.10-17.42.13:810][986]LogModuleManager: Shutting down and abandoning module AudioCapture (210)
[2017.07.10-17.42.13:810][986]LogModuleManager: Shutting down and abandoning module SmartSnapping (209)
[2017.07.10-17.42.13:810][986]LogModuleManager: Shutting down and abandoning module SessionServices (208)
[2017.07.10-17.42.13:810][986]LogModuleManager: Shutting down and abandoning module ViewportSnapping (207)
[2017.07.10-17.42.13:810][986]LogModuleManager: Shutting down and abandoning module ViewportInteraction (206)
[2017.07.10-17.42.13:810][986]LogModuleManager: Shutting down and abandoning module LogVisualizer (205)
[2017.07.10-17.42.13:810][986]LogModuleManager: Shutting down and abandoning module GameProjectGeneration (204)
[2017.07.10-17.42.13:810][986]LogModuleManager: Shutting down and abandoning module IntroTutorials (203)
[2017.07.10-17.42.13:810][986]LogModuleManager: Shutting down and abandoning module EditorLiveStreaming (202)
[2017.07.10-17.42.13:810][986]LogModuleManager: Shutting down and abandoning module IOSPlatformEditor (201)
[2017.07.10-17.42.13:810][986]LogModuleManager: Shutting down and abandoning module HTML5PlatformEditor (200)
[2017.07.10-17.42.13:810][986]LogModuleManager: Shutting down and abandoning module AndroidDeviceDetection (199)
[2017.07.10-17.42.13:880][986]LogModuleManager: Shutting down and abandoning module AndroidPlatformEditor (198)
[2017.07.10-17.42.13:880][986]LogModuleManager: Shutting down and abandoning module IOSRuntimeSettings (197)
[2017.07.10-17.42.13:880][986]LogModuleManager: Shutting down and abandoning module AndroidRuntimeSettings (196)
[2017.07.10-17.42.13:880][986]LogModuleManager: Shutting down and abandoning module InputBindingEditor (195)
[2017.07.10-17.42.13:880][986]LogModuleManager: Shutting down and abandoning module NiagaraEditor (194)
[2017.07.10-17.42.13:880][986]LogModuleManager: Shutting down and abandoning module MergeActors (193)
[2017.07.10-17.42.13:880][986]LogModuleManager: Shutting down and abandoning module SizeMap (192)
[2017.07.10-17.42.13:880][986]LogModuleManager: Shutting down and abandoning module TreeMap (191)
[2017.07.10-17.42.13:880][986]LogModuleManager: Shutting down and abandoning module ReferenceViewer (190)
[2017.07.10-17.42.13:880][986]LogModuleManager: Shutting down and abandoning module LocalizationService (189)
[2017.07.10-17.42.13:880][986]LogModuleManager: Shutting down and abandoning module LocalizationDashboard (188)
[2017.07.10-17.42.13:880][986]LogModuleManager: Shutting down and abandoning module HardwareTargeting (187)
[2017.07.10-17.42.13:880][986]LogModuleManager: Shutting down and abandoning module DeviceProfileEditor (186)
[2017.07.10-17.42.13:880][986]LogModuleManager: Shutting down and abandoning module UndoHistory (185)
[2017.07.10-17.42.13:880][986]LogModuleManager: Shutting down and abandoning module UserFeedback (184)
[2017.07.10-17.42.13:880][986]LogModuleManager: Shutting down and abandoning module XmlParser (183)
[2017.07.10-17.42.13:880][986]LogModuleManager: Shutting down and abandoning module Blutility (182)
[2017.07.10-17.42.13:880][986]LogModuleManager: Shutting down and abandoning module ProjectTargetPlatformEditor (181)
[2017.07.10-17.42.13:880][986]LogModuleManager: Shutting down and abandoning module ProjectSettingsViewer (180)
[2017.07.10-17.42.13:880][986]LogModuleManager: Shutting down and abandoning module EditorSettingsViewer (179)
[2017.07.10-17.42.13:880][986]LogModuleManager: Shutting down and abandoning module SettingsEditor (178)
[2017.07.10-17.42.13:880][986]LogModuleManager: Shutting down and abandoning module ProjectLauncher (177)
[2017.07.10-17.42.13:880][986]LogModuleManager: Shutting down and abandoning module SessionFrontend (176)
[2017.07.10-17.42.13:880][986]LogModuleManager: Shutting down and abandoning module ProfilerClient (175)
[2017.07.10-17.42.13:880][986]LogModuleManager: Shutting down and abandoning module TargetDeviceServices (174)
[2017.07.10-17.42.13:880][986]LogModuleManager: Shutting down and abandoning module DeviceManager (173)
[2017.07.10-17.42.13:934][986]LogModuleManager: Shutting down and abandoning module AutomationController (172)
[2017.07.10-17.42.13:934][986]LogModuleManager: Shutting down and abandoning module AutomationWindow (171)
[2017.07.10-17.42.13:934][986]LogModuleManager: Shutting down and abandoning module Layers (170)
[2017.07.10-17.42.13:934][986]LogModuleManager: Shutting down and abandoning module ComponentVisualizers (169)
[2017.07.10-17.42.13:934][986]LogModuleManager: Shutting down and abandoning module DetailCustomizations (168)
[2017.07.10-17.42.13:934][986]LogModuleManager: Shutting down and abandoning module PackagesDialog (167)
[2017.07.10-17.42.13:934][986]LogModuleManager: Shutting down and abandoning module AnimGraph (166)
[2017.07.10-17.42.13:934][986]LogModuleManager: Shutting down and abandoning module Persona (165)
[2017.07.10-17.42.13:934][986]LogModuleManager: Shutting down and abandoning module Kismet (164)
[2017.07.10-17.42.13:939][986]LogModuleManager: Shutting down and abandoning module GraphEditor (163)
[2017.07.10-17.42.13:939][986]LogModuleManager: Shutting down and abandoning module ClassViewer (162)
[2017.07.10-17.42.13:939][986]LogModuleManager: Shutting down and abandoning module Toolbox (161)
[2017.07.10-17.42.13:939][986]LogModuleManager: Shutting down and abandoning module ModuleUI (160)
[2017.07.10-17.42.13:939][986]LogModuleManager: Shutting down and abandoning module MovieSceneTools (159)
[2017.07.10-17.42.13:939][986]LogModuleManager: Shutting down and abandoning module OutputLog (158)
[2017.07.10-17.42.13:939][986]LogModuleManager: Shutting down and abandoning module GammaUI (157)
[2017.07.10-17.42.13:939][986]LogModuleManager: Shutting down and abandoning module Documentation (156)
[2017.07.10-17.42.13:939][986]LogModuleManager: Shutting down and abandoning module Niagara (155)
[2017.07.10-17.42.13:939][986]LogModuleManager: Shutting down and abandoning module StreamingPauseRendering (154)
[2017.07.10-17.42.13:939][986]LogModuleManager: Shutting down and abandoning module AnalyticsET (153)
[2017.07.10-17.42.13:939][986]LogModuleManager: Shutting down and abandoning module PortalServices (152)
[2017.07.10-17.42.13:939][986]LogModuleManager: Shutting down and abandoning module PortalRpc (151)
[2017.07.10-17.42.13:939][986]LogModuleManager: Shutting down and abandoning module MessagingRpc (150)
[2017.07.10-17.42.13:939][986]LogModuleManager: Shutting down and abandoning module GameplayDebugger (149)
[2017.07.10-17.42.13:939][986]LogModuleManager: Shutting down and abandoning module AITestSuite (148)
[2017.07.10-17.42.13:939][986]LogModuleManager: Shutting down and abandoning module AIModule (147)
[2017.07.10-17.42.13:939][986]LogModuleManager: Shutting down and abandoning module ProfilerService (146)
[2017.07.10-17.42.14:028][986]LogModuleManager: Shutting down and abandoning module TaskGraph (145)
[2017.07.10-17.42.14:028][986]LogModuleManager: Shutting down and abandoning module SlateRemote (144)
[2017.07.10-17.42.14:028][986]LogModuleManager: Shutting down and abandoning module SteamVRController (143)
[2017.07.10-17.42.14:028][986]LogModuleManager: Shutting down and abandoning module SteamVR (142)
[2017.07.10-17.42.14:028][986]LogModuleManager: Shutting down and abandoning module ProceduralMeshComponentEditor (141)
[2017.07.10-17.42.14:028][986]LogModuleManager: Shutting down and abandoning module ProceduralMeshComponent (140)
[2017.07.10-17.42.14:028][986]LogModuleManager: Shutting down and abandoning module OculusLibrary (139)
[2017.07.10-17.42.14:028][986]LogModuleManager: Shutting down and abandoning module OculusInput (138)
[2017.07.10-17.42.14:028][986]LogModuleManager: Shutting down and abandoning module MobilePatchingUtils (137)
[2017.07.10-17.42.14:028][986]LogModuleManager: Shutting down and abandoning module CustomMeshComponent (136)
[2017.07.10-17.42.14:028][986]LogModuleManager: Shutting down and abandoning module CableComponent (135)
[2017.07.10-17.42.14:028][986]LogModuleManager: Shutting down and abandoning module ArchVisCharacter (134)
[2017.07.10-17.42.14:028][986]LogModuleManager: Shutting down and abandoning module MediaPlayerEditor (132)
[2017.07.10-17.42.14:028][986]LogModuleManager: Shutting down and abandoning module HTML5Networking (131)
[2017.07.10-17.42.14:028][986]LogModuleManager: Shutting down and abandoning module GeometryCacheEd (130)
[2017.07.10-17.42.14:028][986]LogModuleManager: Shutting down and abandoning module GeometryCache (129)
[2017.07.10-17.42.14:028][986]LogModuleManager: Shutting down and abandoning module AlembicLibrary (128)
[2017.07.10-17.42.14:028][986]LogModuleManager: Shutting down and abandoning module AlembicImporter (127)
[2017.07.10-17.42.14:028][986]LogModuleManager: Shutting down and abandoning module SuperSearch (126)
[2017.07.10-17.42.14:028][986]LogModuleManager: Shutting down and abandoning module SuperSearchEditor (125)
[2017.07.10-17.42.14:028][986]LogModuleManager: Shutting down and abandoning module SpeedTreeImporter (124)
[2017.07.10-17.42.14:028][986]LogModuleManager: Shutting down and abandoning module PluginBrowser (123)
[2017.07.10-17.42.14:028][986]LogModuleManager: Shutting down and abandoning module MobileLauncherProfileWizard (122)
[2017.07.10-17.42.14:028][986]LogModuleManager: Shutting down and abandoning module EpicSurvey (121)
[2017.07.10-17.42.14:028][986]LogModuleManager: Shutting down and abandoning module DesktopPlatform (120)
[2017.07.10-17.42.14:028][986]LogModuleManager: Shutting down and abandoning module VisualStudioSourceCodeAccess (119)
[2017.07.10-17.42.14:028][986]LogModuleManager: Shutting down and abandoning module UObjectPlugin (118)
[2017.07.10-17.42.14:028][986]LogModuleManager: Shutting down and abandoning module SubversionSourceControl (117)
[2017.07.10-17.42.14:028][986]LogModuleManager: Shutting down and abandoning module PerforceSourceControl (116)
[2017.07.10-17.42.14:028][986]LogModuleManager: Shutting down and abandoning module SourceControl (115)
[2017.07.10-17.42.14:028][986]LogModuleManager: Shutting down and abandoning module GitSourceControl (114)
[2017.07.10-17.42.14:028][986]LogModuleManager: Shutting down and abandoning module LightPropagationVolumeEditor (113)
[2017.07.10-17.42.14:028][986]LogModuleManager: Shutting down and abandoning module PaperTiledImporter (112)
[2017.07.10-17.42.14:028][986]LogModuleManager: Shutting down and abandoning module PaperSpriteSheetImporter (111)
[2017.07.10-17.42.14:028][986]LogModuleManager: Shutting down and abandoning module MeshPaint (110)
[2017.07.10-17.42.14:028][986]LogModuleManager: Shutting down and abandoning module PixelInspectorModule (109)
[2017.07.10-17.42.14:028][986]LogModuleManager: Shutting down and abandoning module HotReload (108)
[2017.07.10-17.42.14:029][986]LogModuleManager: Shutting down and abandoning module MainFrame (107)
[2017.07.10-17.42.14:029][986]LogModuleManager: Shutting down and abandoning module LevelEditor (106)
[2017.07.10-17.42.14:029][986]LogModuleManager: Shutting down and abandoning module ContentBrowser (105)
[2017.07.10-17.42.14:030][986]LogModuleManager: Shutting down and abandoning module Paper2DEditor (104)
[2017.07.10-17.42.14:030][986]LogModuleManager: Shutting down and abandoning module UdpMessaging (103)
[2017.07.10-17.42.14:131][986]LogModuleManager: Shutting down and abandoning module TcpMessaging (102)
[2017.07.10-17.42.14:231][986]LogModuleManager: Shutting down and abandoning module LightPropagationVolumeRuntime (101)
[2017.07.10-17.42.14:231][986]LogModuleManager: Shutting down and abandoning module Paper2D (100)
[2017.07.10-17.42.14:231][986]LogModuleManager: Shutting down and abandoning module WindowsMoviePlayer (99)
[2017.07.10-17.42.14:231][986]LogModuleManager: Shutting down and abandoning module WmfMedia (98)
[2017.07.10-17.42.14:231][986]LogModuleManager: Shutting down and abandoning module MediaAssets (97)
[2017.07.10-17.42.14:231][986]LogModuleManager: Shutting down and abandoning module GameLiveStreaming (96)
[2017.07.10-17.42.14:231][986]LogModuleManager: Shutting down and abandoning module GameplayTagsEditor (95)
[2017.07.10-17.42.14:231][986]LogModuleManager: Shutting down and abandoning module VREditor (94)
[2017.07.10-17.42.14:231][986]LogModuleManager: Shutting down and abandoning module GameplayTasksEditor (93)
[2017.07.10-17.42.14:231][986]LogModuleManager: Shutting down and abandoning module BehaviorTreeEditor (92)
[2017.07.10-17.42.14:231][986]LogModuleManager: Shutting down and abandoning module FunctionalTesting (91)
[2017.07.10-17.42.14:231][986]LogModuleManager: Shutting down and abandoning module CollisionAnalyzer (90)
[2017.07.10-17.42.14:231][986]LogModuleManager: Shutting down and abandoning module Sequencer (89)
[2017.07.10-17.42.14:231][986]LogModuleManager: Shutting down and abandoning module WorkspaceMenuStructure (88)
[2017.07.10-17.42.14:231][986]LogModuleManager: Shutting down and abandoning module MessageLog (87)
[2017.07.10-17.42.14:231][986]LogModuleManager: Shutting down and abandoning module AssetTools (86)
[2017.07.10-17.42.14:231][986]LogModuleManager: Shutting down and abandoning module UMGEditor (85)
[2017.07.10-17.42.14:231][986]LogModuleManager: Shutting down and abandoning module UMG (84)
[2017.07.10-17.42.14:231][986]LogModuleManager: Shutting down and abandoning module SlateReflector (83)
[2017.07.10-17.42.14:231][986]LogModuleManager: Shutting down and abandoning module Slate (82)
[2017.07.10-17.42.14:231][986]LogModuleManager: Shutting down and abandoning module EditorStyle (81)
[2017.07.10-17.42.14:233][986]LogModuleManager: Shutting down and abandoning module SourceCodeAccess (80)
[2017.07.10-17.42.14:233][986]LogModuleManager: Shutting down and abandoning module HeadMountedDisplay (79)
[2017.07.10-17.42.14:233][986]LogModuleManager: Shutting down and abandoning module XAudio2 (78)
[2017.07.10-17.42.14:233][986]LogModuleManager: Shutting down and abandoning module Networking (76)
[2017.07.10-17.42.14:233][986]LogModuleManager: Shutting down and abandoning module Core (75)
[2017.07.10-17.42.14:233][986]LogModuleManager: Shutting down and abandoning module DirectoryWatcher (74)
[2017.07.10-17.42.14:233][986]LogDirectoryWatcher: A directory notification for '../../../Engine/Content/' was aborted.
[2017.07.10-17.42.14:233][986]LogDirectoryWatcher: A directory notification for 'D:/KOC/Project/Content/' was aborted.
[2017.07.10-17.42.14:233][986]LogDirectoryWatcher: A directory notification for '../../../Engine/Plugins/2D/Paper2D/Content/' was aborted.
[2017.07.10-17.42.14:233][986]LogModuleManager: Shutting down and abandoning module AssetRegistry (73)
[2017.07.10-17.42.14:387][986]LogModuleManager: Shutting down and abandoning module KismetCompiler (72)
[2017.07.10-17.42.14:387][986]LogModuleManager: Shutting down and abandoning module PhysXFormats (71)
[2017.07.10-17.42.14:387][986]LogModuleManager: Shutting down and abandoning module SimplygonSwarm (70)
[2017.07.10-17.42.14:387][986]LogModuleManager: Shutting down and abandoning module SimplygonMeshReduction (69)
[2017.07.10-17.42.14:387][986]LogModuleManager: Shutting down and abandoning module QuadricMeshReduction (68)
[2017.07.10-17.42.14:387][986]LogModuleManager: Shutting down and abandoning module PropertyEditor (67)
[2017.07.10-17.42.14:387][986]LogModuleManager: Shutting down and abandoning module MeshUtilities (66)
[2017.07.10-17.42.14:387][986]LogModuleManager: Shutting down and abandoning module DerivedDataCache (65)
[2017.07.10-17.42.14:435][986]LogDerivedDataCache: Shutdown
[2017.07.10-17.42.14:435][986]LogModuleManager: Shutting down and abandoning module VulkanShaderFormat (64)
[2017.07.10-17.42.14:435][986]LogModuleManager: Shutting down and abandoning module ShaderFormatOpenGL (63)
[2017.07.10-17.42.14:435][986]LogModuleManager: Shutting down and abandoning module ShaderFormatD3D (62)
[2017.07.10-17.42.14:435][986]LogModuleManager: Shutting down and abandoning module MetalShaderFormat (61)
[2017.07.10-17.42.14:435][986]LogModuleManager: Shutting down and abandoning module TextureFormatUncompressed (60)
[2017.07.10-17.42.14:435][986]LogModuleManager: Shutting down and abandoning module TextureFormatPVR (59)
[2017.07.10-17.42.14:435][986]LogModuleManager: Shutting down and abandoning module TextureFormatDXT (58)
[2017.07.10-17.42.14:435][986]LogModuleManager: Shutting down and abandoning module TextureFormatIntelISPCTexComp (57)
[2017.07.10-17.42.14:435][986]LogModuleManager: Shutting down and abandoning module ImageWrapper (56)
[2017.07.10-17.42.14:435][986]LogModuleManager: Shutting down and abandoning module TextureFormatASTC (55)
[2017.07.10-17.42.14:435][986]LogModuleManager: Shutting down and abandoning module TextureFormatAndroid (54)
[2017.07.10-17.42.14:435][986]LogModuleManager: Shutting down and abandoning module AudioFormatOpus (53)
[2017.07.10-17.42.14:435][986]LogModuleManager: Shutting down and abandoning module AudioFormatOgg (52)
[2017.07.10-17.42.14:435][986]LogModuleManager: Shutting down and abandoning module AudioFormatADPCM (51)
[2017.07.10-17.42.14:435][986]LogModuleManager: Shutting down and abandoning module LinuxTargetPlatform (50)
[2017.07.10-17.42.14:435][986]LogModuleManager: Shutting down and abandoning module LinuxServerTargetPlatform (49)
[2017.07.10-17.42.14:435][986]LogModuleManager: Shutting down and abandoning module LinuxNoEditorTargetPlatform (48)
[2017.07.10-17.42.14:435][986]LogModuleManager: Shutting down and abandoning module LinuxClientTargetPlatform (47)
[2017.07.10-17.42.14:435][986]LogModuleManager: Shutting down and abandoning module TVOSTargetPlatform (46)
[2017.07.10-17.42.14:435][986]LogModuleManager: Shutting down and abandoning module Messaging (45)
[2017.07.10-17.42.14:435][986]LogModuleManager: Shutting down and abandoning module IOSTargetPlatform (44)
[2017.07.10-17.42.14:435][986]LogModuleManager: Shutting down and abandoning module HTML5TargetPlatform (43)
[2017.07.10-17.42.14:435][986]LogModuleManager: Shutting down and abandoning module Android_PVRTCTargetPlatform (42)
[2017.07.10-17.42.14:435][986]LogModuleManager: Shutting down and abandoning module Android_MultiTargetPlatform (41)
[2017.07.10-17.42.14:435][986]LogModuleManager: Shutting down and abandoning module Android_ETC2TargetPlatform (40)
[2017.07.10-17.42.14:435][986]LogModuleManager: Shutting down and abandoning module Android_ETC1TargetPlatform (39)
[2017.07.10-17.42.14:435][986]LogModuleManager: Shutting down and abandoning module Android_DXTTargetPlatform (38)
[2017.07.10-17.42.14:435][986]LogModuleManager: Shutting down and abandoning module Android_ATCTargetPlatform (37)
[2017.07.10-17.42.14:435][986]LogModuleManager: Shutting down and abandoning module Android_ASTCTargetPlatform (36)
[2017.07.10-17.42.14:435][986]LogModuleManager: Shutting down and abandoning module AndroidTargetPlatform (35)
[2017.07.10-17.42.14:436][986]LogModuleManager: Shutting down and abandoning module WindowsTargetPlatform (34)
[2017.07.10-17.42.14:436][986]LogModuleManager: Shutting down and abandoning module WindowsServerTargetPlatform (33)
[2017.07.10-17.42.14:436][986]LogModuleManager: Shutting down and abandoning module WindowsNoEditorTargetPlatform (32)
[2017.07.10-17.42.14:436][986]LogModuleManager: Shutting down and abandoning module WindowsClientTargetPlatform (31)
[2017.07.10-17.42.14:436][986]LogModuleManager: Shutting down and abandoning module MacTargetPlatform (30)
[2017.07.10-17.42.14:436][986]LogModuleManager: Shutting down and abandoning module MacServerTargetPlatform (29)
[2017.07.10-17.42.14:436][986]LogModuleManager: Shutting down and abandoning module MacNoEditorTargetPlatform (28)
[2017.07.10-17.42.14:436][986]LogModuleManager: Shutting down and abandoning module MacClientTargetPlatform (27)
[2017.07.10-17.42.14:436][986]LogModuleManager: Shutting down and abandoning module AllDesktopTargetPlatform (26)
[2017.07.10-17.42.14:436][986]LogModuleManager: Shutting down and abandoning module TargetPlatform (25)
[2017.07.10-17.42.14:436][986]LogModuleManager: Shutting down and abandoning module InputCore (24)
[2017.07.10-17.42.14:436][986]LogModuleManager: Shutting down and abandoning module Settings (23)
[2017.07.10-17.42.14:436][986]LogModuleManager: Shutting down and abandoning module OculusRift (22)
[2017.07.10-17.42.14:436][986]LogModuleManager: Shutting down and abandoning module ExampleDeviceProfileSelector (21)
[2017.07.10-17.42.14:436][986]LogModuleManager: Shutting down and abandoning module OnlineBlueprintSupport (20)
[2017.07.10-17.42.14:436][986]LogModuleManager: Shutting down and abandoning module OnlineSubsystem (18)
[2017.07.10-17.42.14:436][986]LogOnline:Display: Unloading online subsystem: NULL
[2017.07.10-17.42.14:436][986]LogModuleManager: Shutting down and abandoning module SSL (17)
[2017.07.10-17.42.14:437][986]LogModuleManager: Shutting down and abandoning module HTTP (16)
[2017.07.10-17.42.14:437][986]LogModuleManager: Shutting down and abandoning module XMPP (15)
[2017.07.10-17.42.14:437][986]LogModuleManager: Shutting down and abandoning module TextureCompressor (14)
[2017.07.10-17.42.14:437][986]LogModuleManager: Shutting down and abandoning module ShaderCore (13)
[2017.07.10-17.42.14:437][986]LogModuleManager: Shutting down and abandoning module Landscape (12)
[2017.07.10-17.42.14:437][986]LogModuleManager: Shutting down and abandoning module SlateRHIRenderer (11)
[2017.07.10-17.42.14:438][986]LogModuleManager: Shutting down and abandoning module OpenGLDrv (10)
[2017.07.10-17.42.14:438][986]LogModuleManager: Shutting down and abandoning module D3D11RHI (9)
[2017.07.10-17.42.14:438][986]LogModuleManager: Shutting down and abandoning module AnimGraphRuntime (8)
[2017.07.10-17.42.14:438][986]LogModuleManager: Shutting down and abandoning module Renderer (7)
[2017.07.10-17.42.14:438][986]LogModuleManager: Shutting down and abandoning module Engine (6)
[2017.07.10-17.42.14:438][986]LogModuleManager: Shutting down and abandoning module CoreUObject (5)
[2017.07.10-17.42.14:438][986]LogModuleManager: Shutting down and abandoning module NetworkFile (4)
[2017.07.10-17.42.14:438][986]LogModuleManager: Shutting down and abandoning module StreamingFile (3)
[2017.07.10-17.42.14:438][986]LogModuleManager: Shutting down and abandoning module SandboxFile (2)
[2017.07.10-17.42.14:438][986]LogModuleManager: Shutting down and abandoning module PakFile (1)
[2017.07.10-17.42.14:439][986]LogExit: Exiting.
[2017.07.10-17.42.14:447][986]Log file closed, 07/10/17 13:42:14
